#
# A fatal error has been detected by the Java Runtime Environment:
#
#  SIGSEGV (0xb) at pc=0x0000000119841381, pid=3689, tid=1811
#
# JRE version: Java(TM) SE Runtime Environment (8.0_31-b13) (build 1.8.0_31-b13)
# Java VM: Java HotSpot(TM) 64-Bit Server VM (25.31-b07 mixed mode bsd-amd64 compressed oops)
# Problematic frame:
# C  [libglass.dylib+0x16381]  GlassScreenDidChangeScreenParameters+0x21
#
# Failed to write core dump. Core dumps have been disabled. To enable core dumping, try "ulimit -c unlimited" before starting Java again
#
# If you would like to submit a bug report, please visit:
#   http://bugreport.java.com/bugreport/crash.jsp
#

---------------  T H R E A D  ---------------

Current thread is native thread

siginfo: si_signo: 11 (SIGSEGV), si_code: 1 (SEGV_MAPERR), si_addr: 0x0000000000000000

Registers:
RAX=0x0000000119873d48, RBX=0x0000000000000000, RCX=0x32001131e93c3f82, RDX=0x00007fff748ec1f8
RSP=0x00007fff5dd4f190, RBP=0x00007fff5dd4f1a0, RSI=0x00007ffe50d16b28, RDI=0x0000000000000000
R8 =0x00007fff5dd4f040, R9 =0x00007fff734c7300, R10=0x0000000000000000, R11=0x0000000000000246
R12=0x00007ffe50d19ec0, R13=0x00000000000f4268, R14=0x00007ffe50f2a890, R15=0x00007fff5dd4f2e0
RIP=0x0000000119841381, EFLAGS=0x0000000000010246, ERR=0x0000000000000004
  TRAPNO=0x000000000000000e

Top of Stack: (sp=0x00007fff5dd4f190)
0x00007fff5dd4f190:   00007fff5dd4f370 00007ffe50f2a890
0x00007fff5dd4f1a0:   00007fff5dd4f1b0 00007fff8d9becbc
0x00007fff5dd4f1b0:   00007fff5dd4f510 00007fff8d8b01b4
0x00007fff5dd4f1c0:   00007ffe529ea400 0000000000000000
0x00007fff5dd4f1d0:   00007fff5dd4f248 00007ffe50efc080
0x00007fff5dd4f1e0:   0000000000001000 0000000000000918
0x00007fff5dd4f1f0:   0000000000000004 00007ffe50f2a890
0x00007fff5dd4f200:   0000000000000000 00007fff5dd4f2e0
0x00007fff5dd4f210:   0000000000000000 00007ffe50f2a850
0x00007fff5dd4f220:   00007fff5dd4f360 0000000000000061
0x00007fff5dd4f230:   00000000000f4325 00007ffe50e7ecc0
0x00007fff5dd4f240:   00007ffe50e24160 00007ffe50d19ec0
0x00007fff5dd4f250:   0000000000000001 00000000000f4268
0x00007fff5dd4f260:   00007ffe50d19eb0 00007fff917c0acb
0x00007fff5dd4f270:   0000000000000001 0000000000000001
0x00007fff5dd4f280:   0000000000000030 0000000000000001
0x00007fff5dd4f290:   00007fff5dd4f2b0 00007fff917c6231
0x00007fff5dd4f2a0:   00007fff73c99dd0 0000000000000000
0x00007fff5dd4f2b0:   00007fff5dd4f2d0 0000000000000026
0x00007fff5dd4f2c0:   00028603917c053e 00007ffe50d19ee4
0x00007fff5dd4f2d0:   0000000000000000 00007fff8d8a5c8f
0x00007fff5dd4f2e0:   00007ffe50f2a890 00007fff73c99dd0
0x00007fff5dd4f2f0:   00007fff5dd4f370 0000000000000001
0x00007fff5dd4f300:   00007fff5dd4f340 00007fff917c053e
0x00007fff5dd4f310:   0000000101ecba00 0000000000000002
0x00007fff5dd4f320:   0000000101ec8000 00007ffe50e92a82
0x00007fff5dd4f330:   0000000000000003 0000000101ecba00
0x00007fff5dd4f340:   00007fff5dd4f430 00007fff917bf2a2
0x00007fff5dd4f350:   00007ffe50f1efe0 00007fff5dd4f518
0x00007fff5dd4f360:   0000000000000017 0000000000000000
0x00007fff5dd4f370:   00000000000f4268 00007fff8d8a5f83
0x00007fff5dd4f380:   00007fff00000000 00007ffe50e27900 

Instructions: (pc=0x0000000119841381)
0x0000000119841361:   48 89 e5 41 56 53 48 8d 05 d2 2a 03 00 48 83 38
0x0000000119841371:   00 48 89 fb 75 72 48 8d 05 ca 29 03 00 48 8b 30
0x0000000119841381:   48 8b 03 48 8d 15 7c 99 01 00 48 8d 0d 5e 6f 01
0x0000000119841391:   00 48 89 df ff 90 88 03 00 00 48 8d 0d 9e 2a 03 

Register to memory mapping:

RAX=0x0000000119873d48: jScreenClass+0 in /Library/Java/JavaVirtualMachines/jdk1.8.0_31.jdk/Contents/Home/jre/lib/libglass.dylib at 0x000000011982b000
RBX=0x0000000000000000 is an unknown value
RCX=0x32001131e93c3f82 is an unknown value
RDX=0x00007fff748ec1f8: __sFX+0x1c8 in /usr/lib/system/libsystem_c.dylib at 0x00007fff90b22000
RSP=0x00007fff5dd4f190 is an unknown value
RBP=0x00007fff5dd4f1a0 is an unknown value
RSI=0x00007ffe50d16b28 is a global jni handle
RDI=0x0000000000000000 is an unknown value
R8 =0x00007fff5dd4f040 is an unknown value
R9 =0x00007fff734c7300: _thread+0 in /usr/lib/system/libsystem_pthread.dylib at 0x00007fff89c7b000
R10=0x0000000000000000 is an unknown value
R11=0x0000000000000246 is an unknown value
R12=0x00007ffe50d19ec0 is an unknown value
R13=0x00000000000f4268 is an unknown value
R14=0x00007ffe50f2a890 is an unknown value
R15=0x00007fff5dd4f2e0 is an unknown value


Stack: [0x00007fff5d552000,0x00007fff5dd52000],  sp=0x00007fff5dd4f190,  free space=8180k
Native frames: (J=compiled Java code, j=interpreted, Vv=VM code, C=native code)
C  [libglass.dylib+0x16381]  GlassScreenDidChangeScreenParameters+0x21
C  [CoreFoundation+0x11ecbc]  __CFNOTIFICATIONCENTER_IS_CALLING_OUT_TO_AN_OBSERVER__+0xc
C  [CoreFoundation+0x101b4]  _CFXNotificationPost+0xc44
C  [Foundation+0x2ea1]  -[NSNotificationCenter postNotificationName:object:userInfo:]+0x42
C  [AppKit+0x362dee]  -[NSApplication _reactToScreenInvalidationImmediately:]+0x17b
C  [AppKit+0x362c2d]  __44-[NSApplication _reactToScreenInvalidation:]_block_invoke+0x4b
C  [CoreFoundation+0x8054c]  __CFRUNLOOP_IS_CALLING_OUT_TO_A_BLOCK__+0xc
C  [CoreFoundation+0x72655]  __CFRunLoopDoBlocks+0x155
C  [CoreFoundation+0x72196]  __CFRunLoopRun+0x716
C  [CoreFoundation+0x71838]  CFRunLoopRunSpecific+0x128
C  [java+0x56cc]  CreateExecutionEnvironment+0x367
C  [java+0x165c]  JLI_Launch+0x7a0
C  [java+0x768a]  main+0x65
C  [java+0xeb4]  start+0x34


---------------  P R O C E S S  ---------------

VM state:not at safepoint (normal execution)

VM Mutex/Monitor currently owned by a thread: None

Heap:
 PSYoungGen      total 35328K, used 22662K [0x00000007aab00000, 0x00000007af300000, 0x00000007c0000000)
  eden space 32768K, 61% used [0x00000007aab00000,0x00000007abea5ba8,0x00000007acb00000)
  from space 2560K, 99% used [0x00000007acb00000,0x00000007acd7c030,0x00000007acd80000)
  to   space 4096K, 0% used [0x00000007aef00000,0x00000007aef00000,0x00000007af300000)
 ParOldGen       total 44032K, used 1933K [0x0000000780000000, 0x0000000782b00000, 0x00000007aab00000)
  object space 44032K, 4% used [0x0000000780000000,0x00000007801e3790,0x0000000782b00000)
 Metaspace       used 11295K, capacity 11734K, committed 11904K, reserved 1058816K
  class space    used 1426K, capacity 1541K, committed 1664K, reserved 1048576K

Card table byte_map: [0x0000000112c16000,0x0000000112e17000] byte_map_base: 0x000000010f016000

Marking Bits: (ParMarkBitMap*) 0x000000010309e410
 Begin Bits: [0x0000000113379000, 0x0000000114379000)
 End Bits:   [0x0000000114379000, 0x0000000115379000)

Polling page: 0x0000000101fe4000

CodeCache: size=245760Kb used=6068Kb max_used=6078Kb free=239691Kb
 bounds [0x0000000103856000, 0x0000000103e56000, 0x0000000112856000]
 total_blobs=2421 nmethods=1862 adapters=473
 compilation: enabled

Compilation events (10 events):
Event: 17.262 Thread 0x00007ffe52027800 1858       3       javafx.scene.Scene$MouseHandler::updateCursor (36 bytes)
Event: 17.262 Thread 0x00007ffe52027800 nmethod 1858 0x0000000103e3e450 code [0x0000000103e3e5e0, 0x0000000103e3e998]
Event: 17.275 Thread 0x00007ffe52026800 1859       4       java.util.concurrent.locks.ReentrantLock$Sync::tryRelease (45 bytes)
Event: 17.278 Thread 0x00007ffe52026800 nmethod 1859 0x0000000103d75e90 code [0x0000000103d75fe0, 0x0000000103d76098]
Event: 17.377 Thread 0x00007ffe52015800 1860       4       com.sun.javafx.sg.prism.NGCanvas::renderStream (2054 bytes)
Event: 17.458 Thread 0x00007ffe52015800 nmethod 1860 0x0000000103e44750 code [0x0000000103e45180, 0x0000000103e475d8]
Event: 17.675 Thread 0x00007ffe52026800 1861       4       com.sun.javafx.geom.RectBounds::makeEmpty (23 bytes)
Event: 17.676 Thread 0x00007ffe52026800 nmethod 1861 0x0000000103d83b90 code [0x0000000103d83ce0, 0x0000000103d83d58]
Event: 17.755 Thread 0x00007ffe52027800 1862       3       java.lang.invoke.LambdaForm$BMH/1747585824::reinvoke (26 bytes)
Event: 17.757 Thread 0x00007ffe52027800 nmethod 1862 0x0000000103e43d10 code [0x0000000103e43ec0, 0x0000000103e445e8]

GC Heap History (10 events):
Event: 1.970 GC heap before
{Heap before GC invocations=1 (full 0):
 PSYoungGen      total 18944K, used 16384K [0x00000007aab00000, 0x00000007ac000000, 0x00000007c0000000)
  eden space 16384K, 100% used [0x00000007aab00000,0x00000007abb00000,0x00000007abb00000)
  from space 2560K, 0% used [0x00000007abd80000,0x00000007abd80000,0x00000007ac000000)
  to   space 2560K, 0% used [0x00000007abb00000,0x00000007abb00000,0x00000007abd80000)
 ParOldGen       total 44032K, used 0K [0x0000000780000000, 0x0000000782b00000, 0x00000007aab00000)
  object space 44032K, 0% used [0x0000000780000000,0x0000000780000000,0x0000000782b00000)
 Metaspace       used 6569K, capacity 7086K, committed 7296K, reserved 1056768K
  class space    used 789K, capacity 889K, committed 896K, reserved 1048576K
Event: 1.973 GC heap after
Heap after GC invocations=1 (full 0):
 PSYoungGen      total 18944K, used 1856K [0x00000007aab00000, 0x00000007ac000000, 0x00000007c0000000)
  eden space 16384K, 0% used [0x00000007aab00000,0x00000007aab00000,0x00000007abb00000)
  from space 2560K, 72% used [0x00000007abb00000,0x00000007abcd0020,0x00000007abd80000)
  to   space 2560K, 0% used [0x00000007abd80000,0x00000007abd80000,0x00000007ac000000)
 ParOldGen       total 44032K, used 8K [0x0000000780000000, 0x0000000782b00000, 0x00000007aab00000)
  object space 44032K, 0% used [0x0000000780000000,0x0000000780002000,0x0000000782b00000)
 Metaspace       used 6569K, capacity 7086K, committed 7296K, reserved 1056768K
  class space    used 789K, capacity 889K, committed 896K, reserved 1048576K
}
Event: 2.376 GC heap before
{Heap before GC invocations=2 (full 0):
 PSYoungGen      total 18944K, used 18240K [0x00000007aab00000, 0x00000007ac000000, 0x00000007c0000000)
  eden space 16384K, 100% used [0x00000007aab00000,0x00000007abb00000,0x00000007abb00000)
  from space 2560K, 72% used [0x00000007abb00000,0x00000007abcd0020,0x00000007abd80000)
  to   space 2560K, 0% used [0x00000007abd80000,0x00000007abd80000,0x00000007ac000000)
 ParOldGen       total 44032K, used 8K [0x0000000780000000, 0x0000000782b00000, 0x00000007aab00000)
  object space 44032K, 0% used [0x0000000780000000,0x0000000780002000,0x0000000782b00000)
 Metaspace       used 6629K, capacity 7086K, committed 7296K, reserved 1056768K
  class space    used 789K, capacity 889K, committed 896K, reserved 1048576K
Event: 2.381 GC heap after
Heap after GC invocations=2 (full 0):
 PSYoungGen      total 18944K, used 2352K [0x00000007aab00000, 0x00000007ac000000, 0x00000007c0000000)
  eden space 16384K, 0% used [0x00000007aab00000,0x00000007aab00000,0x00000007abb00000)
  from space 2560K, 91% used [0x00000007abd80000,0x00000007abfcc030,0x00000007ac000000)
  to   space 2560K, 0% used [0x00000007abb00000,0x00000007abb00000,0x00000007abd80000)
 ParOldGen       total 44032K, used 16K [0x0000000780000000, 0x0000000782b00000, 0x00000007aab00000)
  object space 44032K, 0% used [0x0000000780000000,0x0000000780004000,0x0000000782b00000)
 Metaspace       used 6629K, capacity 7086K, committed 7296K, reserved 1056768K
  class space    used 789K, capacity 889K, committed 896K, reserved 1048576K
}
Event: 2.721 GC heap before
{Heap before GC invocations=3 (full 0):
 PSYoungGen      total 18944K, used 18689K [0x00000007aab00000, 0x00000007ac000000, 0x00000007c0000000)
  eden space 16384K, 99% used [0x00000007aab00000,0x00000007abaf43d8,0x00000007abb00000)
  from space 2560K, 91% used [0x00000007abd80000,0x00000007abfcc030,0x00000007ac000000)
  to   space 2560K, 0% used [0x00000007abb00000,0x00000007abb00000,0x00000007abd80000)
 ParOldGen       total 44032K, used 16K [0x0000000780000000, 0x0000000782b00000, 0x00000007aab00000)
  object space 44032K, 0% used [0x0000000780000000,0x0000000780004000,0x0000000782b00000)
 Metaspace       used 6720K, capacity 7178K, committed 7424K, reserved 1056768K
  class space    used 797K, capacity 897K, committed 1024K, reserved 1048576K
Event: 2.733 GC heap after
Heap after GC invocations=3 (full 0):
 PSYoungGen      total 18944K, used 2544K [0x00000007aab00000, 0x00000007ad000000, 0x00000007c0000000)
  eden space 16384K, 0% used [0x00000007aab00000,0x00000007aab00000,0x00000007abb00000)
  from space 2560K, 99% used [0x00000007abb00000,0x00000007abd7c030,0x00000007abd80000)
  to   space 2560K, 0% used [0x00000007acd80000,0x00000007acd80000,0x00000007ad000000)
 ParOldGen       total 44032K, used 244K [0x0000000780000000, 0x0000000782b00000, 0x00000007aab00000)
  object space 44032K, 0% used [0x0000000780000000,0x000000078003d050,0x0000000782b00000)
 Metaspace       used 6720K, capacity 7178K, committed 7424K, reserved 1056768K
  class space    used 797K, capacity 897K, committed 1024K, reserved 1048576K
}
Event: 3.287 GC heap before
{Heap before GC invocations=4 (full 0):
 PSYoungGen      total 18944K, used 18928K [0x00000007aab00000, 0x00000007ad000000, 0x00000007c0000000)
  eden space 16384K, 100% used [0x00000007aab00000,0x00000007abb00000,0x00000007abb00000)
  from space 2560K, 99% used [0x00000007abb00000,0x00000007abd7c030,0x00000007abd80000)
  to   space 2560K, 0% used [0x00000007acd80000,0x00000007acd80000,0x00000007ad000000)
 ParOldGen       total 44032K, used 244K [0x0000000780000000, 0x0000000782b00000, 0x00000007aab00000)
  object space 44032K, 0% used [0x0000000780000000,0x000000078003d050,0x0000000782b00000)
 Metaspace       used 7191K, capacity 7590K, committed 7680K, reserved 1056768K
  class space    used 892K, capacity 967K, committed 1024K, reserved 1048576K
Event: 3.291 GC heap after
Heap after GC invocations=4 (full 0):
 PSYoungGen      total 35328K, used 2544K [0x00000007aab00000, 0x00000007ad000000, 0x00000007c0000000)
  eden space 32768K, 0% used [0x00000007aab00000,0x00000007aab00000,0x00000007acb00000)
  from space 2560K, 99% used [0x00000007acd80000,0x00000007acffc030,0x00000007ad000000)
  to   space 2560K, 0% used [0x00000007acb00000,0x00000007acb00000,0x00000007acd80000)
 ParOldGen       total 44032K, used 796K [0x0000000780000000, 0x0000000782b00000, 0x00000007aab00000)
  object space 44032K, 1% used [0x0000000780000000,0x00000007800c7190,0x0000000782b00000)
 Metaspace       used 7191K, capacity 7590K, committed 7680K, reserved 1056768K
  class space    used 892K, capacity 967K, committed 1024K, reserved 1048576K
}
Event: 4.253 GC heap before
{Heap before GC invocations=5 (full 0):
 PSYoungGen      total 35328K, used 35312K [0x00000007aab00000, 0x00000007ad000000, 0x00000007c0000000)
  eden space 32768K, 100% used [0x00000007aab00000,0x00000007acb00000,0x00000007acb00000)
  from space 2560K, 99% used [0x00000007acd80000,0x00000007acffc030,0x00000007ad000000)
  to   space 2560K, 0% used [0x00000007acb00000,0x00000007acb00000,0x00000007acd80000)
 ParOldGen       total 44032K, used 796K [0x0000000780000000, 0x0000000782b00000, 0x00000007aab00000)
  object space 44032K, 1% used [0x0000000780000000,0x00000007800c7190,0x0000000782b00000)
 Metaspace       used 9180K, capacity 9530K, committed 9856K, reserved 1058816K
  class space    used 1216K, capacity 1331K, committed 1408K, reserved 1048576K
Event: 4.258 GC heap after
Heap after GC invocations=5 (full 0):
 PSYoungGen      total 35328K, used 2544K [0x00000007aab00000, 0x00000007af300000, 0x00000007c0000000)
  eden space 32768K, 0% used [0x00000007aab00000,0x00000007aab00000,0x00000007acb00000)
  from space 2560K, 99% used [0x00000007acb00000,0x00000007acd7c030,0x00000007acd80000)
  to   space 4096K, 0% used [0x00000007aef00000,0x00000007aef00000,0x00000007af300000)
 ParOldGen       total 44032K, used 1933K [0x0000000780000000, 0x0000000782b00000, 0x00000007aab00000)
  object space 44032K, 4% used [0x0000000780000000,0x00000007801e3790,0x0000000782b00000)
 Metaspace       used 9180K, capacity 9530K, committed 9856K, reserved 1058816K
  class space    used 1216K, capacity 1331K, committed 1408K, reserved 1048576K
}

Deoptimization events (10 events):
Event: 4.471 Thread 0x00007ffe5113c800 Uncommon trap: reason=class_check action=maybe_recompile pc=0x0000000103a8a988 method=java.io.FilterInputStream.read([B)I @ 5
Event: 4.471 Thread 0x00007ffe5113c800 Uncommon trap: reason=class_check action=maybe_recompile pc=0x0000000103a8a988 method=java.io.FilterInputStream.read([B)I @ 5
Event: 4.471 Thread 0x00007ffe5113c800 Uncommon trap: reason=class_check action=maybe_recompile pc=0x0000000103a8a988 method=java.io.FilterInputStream.read([B)I @ 5
Event: 4.475 Thread 0x00007ffe5113c800 Uncommon trap: reason=class_check action=maybe_recompile pc=0x0000000103a8a988 method=java.io.FilterInputStream.read([B)I @ 5
Event: 7.420 Thread 0x00007ffe528a8800 Uncommon trap: reason=unreached action=reinterpret pc=0x0000000103cacef0 method=java.util.WeakHashMap.get(Ljava/lang/Object;)Ljava/lang/Object; @ 35
Event: 7.420 Thread 0x00007ffe528a8800 Uncommon trap: reason=unreached action=reinterpret pc=0x0000000103c8cc24 method=java.util.WeakHashMap.get(Ljava/lang/Object;)Ljava/lang/Object; @ 35
Event: 17.757 Thread 0x00007ffe5113c800 Uncommon trap: reason=class_check action=maybe_recompile pc=0x0000000103c77a84 method=java.util.AbstractCollection.isEmpty()Z @ 1
Event: 17.769 Thread 0x00007ffe5113c800 Uncommon trap: reason=class_check action=maybe_recompile pc=0x0000000103c77a84 method=java.util.AbstractCollection.isEmpty()Z @ 1
Event: 17.769 Thread 0x00007ffe528a8800 Uncommon trap: reason=class_check action=maybe_recompile pc=0x0000000103c77a84 method=java.util.AbstractCollection.isEmpty()Z @ 1
Event: 17.769 Thread 0x00007ffe528a8800 Uncommon trap: reason=class_check action=maybe_recompile pc=0x0000000103c77a84 method=java.util.AbstractCollection.isEmpty()Z @ 1

Internal exceptions (10 events):
Event: 4.439 Thread 0x00007ffe5113c800 Exception <a 'java/security/PrivilegedActionException'> (0x00000007ab464838) thrown at [/Users/java_re/workspace/8-2-build-macosx-x86_64/jdk8u31/2394/hotspot/src/share/vm/prims/jvm.cpp, line 1312]
Event: 4.469 Thread 0x00007ffe5113c800 Exception <a 'java/security/PrivilegedActionException'> (0x00000007ab4e4860) thrown at [/Users/java_re/workspace/8-2-build-macosx-x86_64/jdk8u31/2394/hotspot/src/share/vm/prims/jvm.cpp, line 1312]
Event: 4.472 Thread 0x00007ffe5113c800 Exception <a 'java/security/PrivilegedActionException'> (0x00000007ab4fbf90) thrown at [/Users/java_re/workspace/8-2-build-macosx-x86_64/jdk8u31/2394/hotspot/src/share/vm/prims/jvm.cpp, line 1312]
Event: 4.475 Thread 0x00007ffe5113c800 Exception <a 'java/security/PrivilegedActionException'> (0x00000007ab51e4c8) thrown at [/Users/java_re/workspace/8-2-build-macosx-x86_64/jdk8u31/2394/hotspot/src/share/vm/prims/jvm.cpp, line 1312]
Event: 4.480 Thread 0x00007ffe5113c800 Exception <a 'java/security/PrivilegedActionException'> (0x00000007ab534d08) thrown at [/Users/java_re/workspace/8-2-build-macosx-x86_64/jdk8u31/2394/hotspot/src/share/vm/prims/jvm.cpp, line 1312]
Event: 4.484 Thread 0x00007ffe5113c800 Exception <a 'java/security/PrivilegedActionException'> (0x00000007ab557010) thrown at [/Users/java_re/workspace/8-2-build-macosx-x86_64/jdk8u31/2394/hotspot/src/share/vm/prims/jvm.cpp, line 1312]
Event: 6.686 Thread 0x00007ffe5113c800 Exception <a 'java/security/PrivilegedActionException'> (0x00000007ab86bb88) thrown at [/Users/java_re/workspace/8-2-build-macosx-x86_64/jdk8u31/2394/hotspot/src/share/vm/prims/jvm.cpp, line 1312]
Event: 6.686 Thread 0x00007ffe5113c800 Exception <a 'java/security/PrivilegedActionException'> (0x00000007ab86eb48) thrown at [/Users/java_re/workspace/8-2-build-macosx-x86_64/jdk8u31/2394/hotspot/src/share/vm/prims/jvm.cpp, line 1312]
Event: 7.402 Thread 0x00007ffe5113c800 Exception <a 'java/security/PrivilegedActionException'> (0x00000007ab880a40) thrown at [/Users/java_re/workspace/8-2-build-macosx-x86_64/jdk8u31/2394/hotspot/src/share/vm/prims/jvm.cpp, line 1312]
Event: 9.425 Thread 0x00007ffe5113c800 Exception <a 'java/security/PrivilegedActionException'> (0x00000007abacc818) thrown at [/Users/java_re/workspace/8-2-build-macosx-x86_64/jdk8u31/2394/hotspot/src/share/vm/prims/jvm.cpp, line 1312]

Events (10 events):
Event: 17.769 loading class com/sun/javafx/tk/quantum/QuantumToolkit
Event: 17.769 Thread 0x00007ffe528a8800 Uncommon trap: trap_request=0xffffffde fr.pc=0x0000000103c77a84
Event: 17.769 loading class com/sun/javafx/tk/quantum/QuantumToolkit done
Event: 17.769 Thread 0x00007ffe528a8800 DEOPT PACKING pc=0x0000000103c77a84 sp=0x00000001192f9690
Event: 17.769 Thread 0x00007ffe528a8800 DEOPT UNPACKING pc=0x000000010385af69 sp=0x00000001192f9648 mode 2
Event: 17.769 Thread 0x00007ffe528a8800 Thread exited: 0x00007ffe528a8800
Event: 17.770 Thread 0x00007ffe519a8000 Thread exited: 0x00007ffe519a8000
Event: 17.770 Thread 0x00007ffe52800800 Thread exited: 0x00007ffe52800800
Event: 17.770 Thread 0x00007ffe52800800 Thread added: 0x00007ffe52800800
Event: 17.770 Thread 0x00007ffe5113c800 Thread exited: 0x00007ffe5113c800


Dynamic libraries:
0x0000000002597000 	/System/Library/Frameworks/Cocoa.framework/Versions/A/Cocoa
0x0000000002597000 	/System/Library/Frameworks/Security.framework/Versions/A/Security
0x0000000002597000 	/System/Library/Frameworks/ApplicationServices.framework/Versions/A/ApplicationServices
0x0000000002597000 	/usr/lib/libz.1.dylib
0x0000000002597000 	/usr/lib/libSystem.B.dylib
0x0000000002597000 	/usr/lib/libobjc.A.dylib
0x0000000002597000 	/System/Library/Frameworks/CoreFoundation.framework/Versions/A/CoreFoundation
0x0000000002597000 	/System/Library/Frameworks/Foundation.framework/Versions/C/Foundation
0x0000000002597000 	/System/Library/Frameworks/AppKit.framework/Versions/C/AppKit
0x0000000002597000 	/System/Library/Frameworks/CoreData.framework/Versions/A/CoreData
0x0000000002597000 	/System/Library/PrivateFrameworks/RemoteViewServices.framework/Versions/A/RemoteViewServices
0x0000000002597000 	/System/Library/PrivateFrameworks/UIFoundation.framework/Versions/A/UIFoundation
0x0000000002597000 	/System/Library/Frameworks/IOSurface.framework/Versions/A/IOSurface
0x0000000002597000 	/System/Library/Frameworks/AudioToolbox.framework/Versions/A/AudioToolbox
0x0000000002597000 	/System/Library/Frameworks/AudioUnit.framework/Versions/A/AudioUnit
0x0000000002597000 	/System/Library/PrivateFrameworks/DataDetectorsCore.framework/Versions/A/DataDetectorsCore
0x0000000002597000 	/System/Library/PrivateFrameworks/DesktopServicesPriv.framework/Versions/A/DesktopServicesPriv
0x0000000002597000 	/System/Library/Frameworks/Carbon.framework/Versions/A/Frameworks/HIToolbox.framework/Versions/A/HIToolbox
0x0000000002597000 	/System/Library/Frameworks/QuartzCore.framework/Versions/A/QuartzCore
0x0000000002597000 	/System/Library/Frameworks/Carbon.framework/Versions/A/Frameworks/SpeechRecognition.framework/Versions/A/SpeechRecognition
0x0000000002597000 	/usr/lib/libauto.dylib
0x0000000002597000 	/usr/lib/libicucore.A.dylib
0x0000000002597000 	/usr/lib/libxml2.2.dylib
0x0000000002597000 	/System/Library/PrivateFrameworks/CoreUI.framework/Versions/A/CoreUI
0x0000000002597000 	/System/Library/Frameworks/CoreAudio.framework/Versions/A/CoreAudio
0x0000000002597000 	/System/Library/Frameworks/DiskArbitration.framework/Versions/A/DiskArbitration
0x0000000002597000 	/usr/lib/liblangid.dylib
0x0000000002597000 	/System/Library/PrivateFrameworks/MultitouchSupport.framework/Versions/A/MultitouchSupport
0x0000000002597000 	/System/Library/Frameworks/IOKit.framework/Versions/A/IOKit
0x0000000002597000 	/usr/lib/libDiagnosticMessagesClient.dylib
0x0000000002597000 	/System/Library/Frameworks/CoreServices.framework/Versions/A/CoreServices
0x0000000002597000 	/System/Library/PrivateFrameworks/PerformanceAnalysis.framework/Versions/A/PerformanceAnalysis
0x0000000002597000 	/System/Library/PrivateFrameworks/GenerationalStorage.framework/Versions/A/GenerationalStorage
0x0000000002597000 	/System/Library/Frameworks/OpenGL.framework/Versions/A/OpenGL
0x0000000002597000 	/System/Library/PrivateFrameworks/Sharing.framework/Versions/A/Sharing
0x0000000002597000 	/System/Library/Frameworks/CoreGraphics.framework/Versions/A/CoreGraphics
0x0000000002597000 	/System/Library/Frameworks/CoreText.framework/Versions/A/CoreText
0x0000000002597000 	/System/Library/Frameworks/ImageIO.framework/Versions/A/ImageIO
0x0000000002597000 	/usr/lib/libextension.dylib
0x0000000002597000 	/System/Library/PrivateFrameworks/Backup.framework/Versions/A/Backup
0x0000000002597000 	/usr/lib/libarchive.2.dylib
0x0000000002597000 	/System/Library/Frameworks/CFNetwork.framework/Versions/A/CFNetwork
0x0000000002597000 	/System/Library/Frameworks/SystemConfiguration.framework/Versions/A/SystemConfiguration
0x0000000002597000 	/usr/lib/libCRFSuite.dylib
0x0000000002597000 	/usr/lib/libc++.1.dylib
0x0000000002597000 	/usr/lib/libc++abi.dylib
0x0000000002597000 	/usr/lib/system/libcache.dylib
0x0000000002597000 	/usr/lib/system/libcommonCrypto.dylib
0x0000000002597000 	/usr/lib/system/libcompiler_rt.dylib
0x0000000002597000 	/usr/lib/system/libcopyfile.dylib
0x0000000002597000 	/usr/lib/system/libcorecrypto.dylib
0x0000000002597000 	/usr/lib/system/libdispatch.dylib
0x0000000002597000 	/usr/lib/system/libdyld.dylib
0x0000000002597000 	/usr/lib/system/libkeymgr.dylib
0x0000000002597000 	/usr/lib/system/liblaunch.dylib
0x0000000002597000 	/usr/lib/system/libmacho.dylib
0x0000000002597000 	/usr/lib/system/libquarantine.dylib
0x0000000002597000 	/usr/lib/system/libremovefile.dylib
0x0000000002597000 	/usr/lib/system/libsystem_asl.dylib
0x0000000002597000 	/usr/lib/system/libsystem_blocks.dylib
0x0000000002597000 	/usr/lib/system/libsystem_c.dylib
0x0000000002597000 	/usr/lib/system/libsystem_configuration.dylib
0x0000000002597000 	/usr/lib/system/libsystem_coreservices.dylib
0x0000000002597000 	/usr/lib/system/libsystem_coretls.dylib
0x0000000002597000 	/usr/lib/system/libsystem_dnssd.dylib
0x0000000002597000 	/usr/lib/system/libsystem_info.dylib
0x0000000002597000 	/usr/lib/system/libsystem_kernel.dylib
0x0000000002597000 	/usr/lib/system/libsystem_m.dylib
0x0000000002597000 	/usr/lib/system/libsystem_malloc.dylib
0x0000000002597000 	/usr/lib/system/libsystem_network.dylib
0x0000000002597000 	/usr/lib/system/libsystem_networkextension.dylib
0x0000000002597000 	/usr/lib/system/libsystem_notify.dylib
0x0000000002597000 	/usr/lib/system/libsystem_platform.dylib
0x0000000002597000 	/usr/lib/system/libsystem_pthread.dylib
0x0000000002597000 	/usr/lib/system/libsystem_sandbox.dylib
0x0000000002597000 	/usr/lib/system/libsystem_secinit.dylib
0x0000000002597000 	/usr/lib/system/libsystem_stats.dylib
0x0000000002597000 	/usr/lib/system/libsystem_trace.dylib
0x0000000002597000 	/usr/lib/system/libunc.dylib
0x0000000002597000 	/usr/lib/system/libunwind.dylib
0x0000000002597000 	/usr/lib/system/libxpc.dylib
0x0000000002597000 	/usr/lib/libbz2.1.0.dylib
0x0000000002597000 	/usr/lib/liblzma.5.dylib
0x0000000002597000 	/usr/lib/libbsm.0.dylib
0x0000000002597000 	/usr/lib/libsqlite3.dylib
0x0000000002597000 	/usr/lib/system/libkxld.dylib
0x0000000002597000 	/usr/lib/libxar.1.dylib
0x0000000002597000 	/usr/lib/libpam.2.dylib
0x0000000002597000 	/usr/lib/libOpenScriptingUtil.dylib
0x0000000002597000 	/System/Library/Frameworks/CoreServices.framework/Versions/A/Frameworks/FSEvents.framework/Versions/A/FSEvents
0x0000000002597000 	/System/Library/Frameworks/CoreServices.framework/Versions/A/Frameworks/CarbonCore.framework/Versions/A/CarbonCore
0x0000000002597000 	/System/Library/Frameworks/CoreServices.framework/Versions/A/Frameworks/Metadata.framework/Versions/A/Metadata
0x0000000002597000 	/System/Library/Frameworks/CoreServices.framework/Versions/A/Frameworks/OSServices.framework/Versions/A/OSServices
0x0000000002597000 	/System/Library/Frameworks/CoreServices.framework/Versions/A/Frameworks/SearchKit.framework/Versions/A/SearchKit
0x0000000002597000 	/System/Library/Frameworks/CoreServices.framework/Versions/A/Frameworks/AE.framework/Versions/A/AE
0x0000000002597000 	/System/Library/Frameworks/CoreServices.framework/Versions/A/Frameworks/LaunchServices.framework/Versions/A/LaunchServices
0x0000000002597000 	/System/Library/Frameworks/CoreServices.framework/Versions/A/Frameworks/DictionaryServices.framework/Versions/A/DictionaryServices
0x0000000002597000 	/System/Library/Frameworks/NetFS.framework/Versions/A/NetFS
0x0000000002597000 	/System/Library/PrivateFrameworks/NetAuth.framework/Versions/A/NetAuth
0x0000000002597000 	/System/Library/PrivateFrameworks/login.framework/Versions/A/Frameworks/loginsupport.framework/Versions/A/loginsupport
0x0000000002597000 	/System/Library/PrivateFrameworks/TCC.framework/Versions/A/TCC
0x0000000002597000 	/usr/lib/libmecabra.dylib
0x0000000002597000 	/System/Library/PrivateFrameworks/LanguageModeling.framework/Versions/A/LanguageModeling
0x0000000002597000 	/usr/lib/libcmph.dylib
0x0000000002597000 	/usr/lib/libiconv.2.dylib
0x0000000002597000 	/System/Library/Frameworks/OpenDirectory.framework/Versions/A/Frameworks/CFOpenDirectory.framework/Versions/A/CFOpenDirectory
0x0000000002597000 	/System/Library/Frameworks/ServiceManagement.framework/Versions/A/ServiceManagement
0x0000000002597000 	/usr/lib/libxslt.1.dylib
0x0000000002597000 	/System/Library/Frameworks/Carbon.framework/Versions/A/Frameworks/Ink.framework/Versions/A/Ink
0x0000000002597000 	/System/Library/Frameworks/ApplicationServices.framework/Versions/A/Frameworks/ATS.framework/Versions/A/ATS
0x0000000002597000 	/System/Library/Frameworks/ApplicationServices.framework/Versions/A/Frameworks/ColorSync.framework/Versions/A/ColorSync
0x0000000002597000 	/System/Library/Frameworks/ApplicationServices.framework/Versions/A/Frameworks/HIServices.framework/Versions/A/HIServices
0x0000000002597000 	/System/Library/Frameworks/ApplicationServices.framework/Versions/A/Frameworks/LangAnalysis.framework/Versions/A/LangAnalysis
0x0000000002597000 	/System/Library/Frameworks/ApplicationServices.framework/Versions/A/Frameworks/PrintCore.framework/Versions/A/PrintCore
0x0000000002597000 	/System/Library/Frameworks/ApplicationServices.framework/Versions/A/Frameworks/QD.framework/Versions/A/QD
0x0000000002597000 	/System/Library/Frameworks/ApplicationServices.framework/Versions/A/Frameworks/SpeechSynthesis.framework/Versions/A/SpeechSynthesis
0x0000000002597000 	/System/Library/Frameworks/Accelerate.framework/Versions/A/Accelerate
0x0000000002597000 	/System/Library/Frameworks/Accelerate.framework/Versions/A/Frameworks/vImage.framework/Versions/A/vImage
0x0000000002597000 	/System/Library/Frameworks/Accelerate.framework/Versions/A/Frameworks/vecLib.framework/Versions/A/vecLib
0x0000000002597000 	/System/Library/Frameworks/Accelerate.framework/Versions/A/Frameworks/vecLib.framework/Versions/A/libvDSP.dylib
0x0000000002597000 	/System/Library/Frameworks/Accelerate.framework/Versions/A/Frameworks/vecLib.framework/Versions/A/libvMisc.dylib
0x0000000002597000 	/System/Library/Frameworks/Accelerate.framework/Versions/A/Frameworks/vecLib.framework/Versions/A/libLAPACK.dylib
0x0000000002597000 	/System/Library/Frameworks/Accelerate.framework/Versions/A/Frameworks/vecLib.framework/Versions/A/libBLAS.dylib
0x0000000002597000 	/System/Library/Frameworks/Accelerate.framework/Versions/A/Frameworks/vecLib.framework/Versions/A/libLinearAlgebra.dylib
0x0000000002597000 	/System/Library/Frameworks/ApplicationServices.framework/Versions/A/Frameworks/ATS.framework/Versions/A/Resources/libFontParser.dylib
0x0000000002597000 	/System/Library/Frameworks/ApplicationServices.framework/Versions/A/Frameworks/ATS.framework/Versions/A/Resources/libFontRegistry.dylib
0x0000000002597000 	/System/Library/PrivateFrameworks/AppleVPA.framework/Versions/A/AppleVPA
0x0000000002597000 	/System/Library/PrivateFrameworks/AppleJPEG.framework/Versions/A/AppleJPEG
0x0000000002597000 	/System/Library/Frameworks/ImageIO.framework/Versions/A/Resources/libJPEG.dylib
0x0000000002597000 	/System/Library/Frameworks/ImageIO.framework/Versions/A/Resources/libTIFF.dylib
0x0000000002597000 	/System/Library/Frameworks/ImageIO.framework/Versions/A/Resources/libPng.dylib
0x0000000002597000 	/System/Library/Frameworks/ImageIO.framework/Versions/A/Resources/libGIF.dylib
0x0000000002597000 	/System/Library/Frameworks/ImageIO.framework/Versions/A/Resources/libJP2.dylib
0x0000000002597000 	/System/Library/Frameworks/ImageIO.framework/Versions/A/Resources/libRadiance.dylib
0x0000000002597000 	/System/Library/Frameworks/CoreVideo.framework/Versions/A/CoreVideo
0x0000000002597000 	/System/Library/Frameworks/OpenGL.framework/Versions/A/Libraries/libGLU.dylib
0x0000000002597000 	/System/Library/Frameworks/OpenGL.framework/Versions/A/Libraries/libGFXShared.dylib
0x0000000002597000 	/System/Library/Frameworks/OpenGL.framework/Versions/A/Libraries/libGL.dylib
0x0000000002597000 	/System/Library/Frameworks/OpenGL.framework/Versions/A/Libraries/libGLImage.dylib
0x0000000002597000 	/System/Library/Frameworks/OpenGL.framework/Versions/A/Libraries/libCVMSPluginSupport.dylib
0x0000000002597000 	/System/Library/Frameworks/OpenGL.framework/Versions/A/Libraries/libCoreVMClient.dylib
0x0000000002597000 	/usr/lib/libcups.2.dylib
0x0000000002597000 	/System/Library/Frameworks/Kerberos.framework/Versions/A/Kerberos
0x0000000002597000 	/System/Library/Frameworks/GSS.framework/Versions/A/GSS
0x0000000002597000 	/usr/lib/libresolv.9.dylib
0x0000000002597000 	/System/Library/PrivateFrameworks/Heimdal.framework/Versions/A/Heimdal
0x0000000002597000 	/usr/lib/libheimdal-asn1.dylib
0x0000000002597000 	/System/Library/Frameworks/OpenDirectory.framework/Versions/A/OpenDirectory
0x0000000002597000 	/System/Library/PrivateFrameworks/CommonAuth.framework/Versions/A/CommonAuth
0x0000000002597000 	/System/Library/Frameworks/SecurityFoundation.framework/Versions/A/SecurityFoundation
0x0000000002597000 	/System/Library/Frameworks/QuartzCore.framework/Versions/A/Frameworks/CoreImage.framework/Versions/A/CoreImage
0x0000000002597000 	/System/Library/PrivateFrameworks/CrashReporterSupport.framework/Versions/A/CrashReporterSupport
0x0000000002597000 	/System/Library/Frameworks/OpenCL.framework/Versions/A/OpenCL
0x0000000002597000 	/System/Library/PrivateFrameworks/FaceCore.framework/Versions/A/FaceCore
0x0000000002597000 	/System/Library/PrivateFrameworks/Ubiquity.framework/Versions/A/Ubiquity
0x0000000002597000 	/System/Library/PrivateFrameworks/IconServices.framework/Versions/A/IconServices
0x0000000002597000 	/System/Library/PrivateFrameworks/ChunkingLibrary.framework/Versions/A/ChunkingLibrary
0x0000000002597000 	/System/Library/PrivateFrameworks/Apple80211.framework/Versions/A/Apple80211
0x0000000002597000 	/System/Library/Frameworks/CoreWLAN.framework/Versions/A/CoreWLAN
0x0000000002597000 	/System/Library/Frameworks/IOBluetooth.framework/Versions/A/IOBluetooth
0x0000000002597000 	/System/Library/PrivateFrameworks/CoreWiFi.framework/Versions/A/CoreWiFi
0x0000000002597000 	/System/Library/Frameworks/CoreBluetooth.framework/Versions/A/CoreBluetooth
0x0000000002597000 	/System/Library/PrivateFrameworks/DebugSymbols.framework/Versions/A/DebugSymbols
0x0000000002597000 	/System/Library/PrivateFrameworks/CoreSymbolication.framework/Versions/A/CoreSymbolication
0x0000000002597000 	/System/Library/PrivateFrameworks/Symbolication.framework/Versions/A/Symbolication
0x0000000002597000 	/System/Library/PrivateFrameworks/SpeechRecognitionCore.framework/Versions/A/SpeechRecognitionCore
0x0000000101ef9000 	/System/Library/CoreServices/Encodings/libSimplifiedChineseConverter.dylib
0x0000000102800000 	/Library/Java/JavaVirtualMachines/jdk1.8.0_31.jdk/Contents/Home/jre/lib/server/libjvm.dylib
0x0000000002597000 	/usr/lib/libstdc++.6.dylib
0x0000000101fd6000 	/Library/Java/JavaVirtualMachines/jdk1.8.0_31.jdk/Contents/Home/jre/lib/libverify.dylib
0x0000000103822000 	/Library/Java/JavaVirtualMachines/jdk1.8.0_31.jdk/Contents/Home/jre/lib/libjava.dylib
0x0000000101fee000 	/Library/Java/JavaVirtualMachines/jdk1.8.0_31.jdk/Contents/Home/jre/lib/libzip.dylib
0x0000000117362000 	/System/Library/Frameworks/JavaVM.framework/Frameworks/JavaRuntimeSupport.framework/JavaRuntimeSupport
0x000000011737a000 	/System/Library/Frameworks/JavaVM.framework/Versions/A/Frameworks/JavaNativeFoundation.framework/Versions/A/JavaNativeFoundation
0x000000011738f000 	/System/Library/Frameworks/JavaVM.framework/Versions/A/JavaVM
0x0000000002597000 	/System/Library/Frameworks/Carbon.framework/Versions/A/Carbon
0x000000011739c000 	/System/Library/PrivateFrameworks/JavaLaunching.framework/Versions/A/JavaLaunching
0x0000000002597000 	/System/Library/Frameworks/Carbon.framework/Versions/A/Frameworks/CommonPanels.framework/Versions/A/CommonPanels
0x0000000002597000 	/System/Library/Frameworks/Carbon.framework/Versions/A/Frameworks/Help.framework/Versions/A/Help
0x0000000002597000 	/System/Library/Frameworks/Carbon.framework/Versions/A/Frameworks/ImageCapture.framework/Versions/A/ImageCapture
0x0000000002597000 	/System/Library/Frameworks/Carbon.framework/Versions/A/Frameworks/OpenScripting.framework/Versions/A/OpenScripting
0x0000000002597000 	/System/Library/Frameworks/Carbon.framework/Versions/A/Frameworks/Print.framework/Versions/A/Print
0x0000000002597000 	/System/Library/Frameworks/Carbon.framework/Versions/A/Frameworks/SecurityHI.framework/Versions/A/SecurityHI
0x00000001192fc000 	/Library/Java/JavaVirtualMachines/jdk1.8.0_31.jdk/Contents/Home/jre/lib/libprism_es2.dylib
0x0000000002597000 	/System/Library/Frameworks/OpenGL.framework/Versions/A/Resources/GLEngine.bundle/GLEngine
0x0000000002597000 	/System/Library/Frameworks/OpenGL.framework/Versions/A/Libraries/libGLProgrammability.dylib
0x0000000000000000 	/System/Library/Extensions/AppleIntelHD5000GraphicsGLDriver.bundle/Contents/MacOS/AppleIntelHD5000GraphicsGLDriver
0x0000000002597000 	/System/Library/PrivateFrameworks/IOAccelerator.framework/Versions/A/IOAccelerator
0x0000000002597000 	/System/Library/PrivateFrameworks/GPUSupport.framework/Versions/A/Libraries/libGPUSupportMercury.dylib
0x0000000002597000 	/System/Library/Frameworks/OpenGL.framework/Versions/A/Resources/GLRendererFloat.bundle/GLRendererFloat
0x0000000002597000 	/System/Library/Frameworks/OpenCL.framework/Versions/A/Libraries/libcldcpuengine.dylib
0x0000000002597000 	/System/Library/PrivateFrameworks/DiskImages.framework/Versions/A/DiskImages
0x0000000002597000 	/System/Library/Frameworks/DiscRecording.framework/Versions/A/DiscRecording
0x0000000002597000 	/usr/lib/libcsfde.dylib
0x0000000002597000 	/usr/lib/libcurl.4.dylib
0x0000000002597000 	/System/Library/PrivateFrameworks/MediaKit.framework/Versions/A/MediaKit
0x0000000002597000 	/System/Library/PrivateFrameworks/ProtectedCloudStorage.framework/Versions/A/ProtectedCloudStorage
0x0000000002597000 	/usr/lib/libCoreStorage.dylib
0x0000000002597000 	/System/Library/PrivateFrameworks/EFILogin.framework/Versions/A/EFILogin
0x0000000002597000 	/usr/lib/libutil.dylib
0x0000000002597000 	/System/Library/PrivateFrameworks/FindMyDevice.framework/Versions/A/FindMyDevice
0x0000000002597000 	/System/Library/Frameworks/LDAP.framework/Versions/A/LDAP
0x0000000002597000 	/usr/lib/libsasl2.2.dylib
0x0000000002597000 	/System/Library/PrivateFrameworks/CoreDaemon.framework/Versions/B/CoreDaemon
0x0000000002597000 	/usr/lib/libcrypto.0.9.8.dylib
0x0000000002597000 	/System/Library/PrivateFrameworks/AppleSRP.framework/Versions/A/AppleSRP
0x0000000002597000 	/System/Library/PrivateFrameworks/TrustEvaluationAgent.framework/Versions/A/TrustEvaluationAgent
0x000000011982b000 	/Library/Java/JavaVirtualMachines/jdk1.8.0_31.jdk/Contents/Home/jre/lib/libglass.dylib
0x0000000002597000 	/System/Library/PrivateFrameworks/CoreServicesInternal.framework/Versions/A/CoreServicesInternal
0x0000000002597000 	/System/Library/PrivateFrameworks/CloudDocs.framework/Versions/A/CloudDocs
0x0000000002597000 	/System/Library/PrivateFrameworks/CoreDuet.framework/Versions/A/CoreDuet
0x0000000002597000 	/System/Library/Frameworks/CloudKit.framework/Versions/A/CloudKit
0x0000000002597000 	/System/Library/PrivateFrameworks/ProtocolBuffer.framework/Versions/A/ProtocolBuffer
0x0000000002597000 	/System/Library/PrivateFrameworks/CoreDuetDaemonProtocol.framework/Versions/A/CoreDuetDaemonProtocol
0x0000000002597000 	/System/Library/PrivateFrameworks/CoreDuetDebugLogging.framework/Versions/A/CoreDuetDebugLogging
0x0000000002597000 	/System/Library/Frameworks/CoreLocation.framework/Versions/A/CoreLocation
0x0000000002597000 	/System/Library/Frameworks/Accounts.framework/Versions/A/Accounts
0x0000000002597000 	/System/Library/PrivateFrameworks/ApplePushService.framework/Versions/A/ApplePushService
0x0000000002597000 	/System/Library/PrivateFrameworks/GeoServices.framework/Versions/A/GeoServices
0x0000000002597000 	/System/Library/PrivateFrameworks/OAuth.framework/Versions/A/OAuth
0x0000000002597000 	/System/Library/Frameworks/CoreGraphics.framework/Versions/A/Resources/libCGCMS.A.dylib
0x0000000002597000 	/System/Library/CoreServices/RawCamera.bundle/Contents/MacOS/RawCamera
0x0000000002597000 	/System/Library/Frameworks/CoreGraphics.framework/Versions/A/Resources/libRIP.A.dylib
0x0000000002597000 	/System/Library/PrivateFrameworks/FamilyControls.framework/Versions/A/FamilyControls
0x0000000002597000 	/System/Library/PrivateFrameworks/CommerceKit.framework/Versions/A/Frameworks/CommerceCore.framework/Versions/A/CommerceCore
0x0000000002597000 	/System/Library/PrivateFrameworks/SystemAdministration.framework/Versions/A/SystemAdministration
0x0000000002597000 	/System/Library/PrivateFrameworks/AppContainer.framework/Versions/A/AppContainer
0x0000000002597000 	/System/Library/PrivateFrameworks/SecCodeWrapper.framework/Versions/A/SecCodeWrapper
0x0000000002597000 	/System/Library/Frameworks/DirectoryService.framework/Versions/A/DirectoryService
0x0000000002597000 	/System/Library/PrivateFrameworks/LoginUIKit.framework/Versions/A/Frameworks/LoginUICore.framework/Versions/A/LoginUICore
0x0000000002597000 	/usr/lib/libodfde.dylib
0x0000000002597000 	/System/Library/Frameworks/CoreGraphics.framework/Versions/A/Resources/libCGXType.A.dylib
0x000000011dfc6000 	cl_kernels
0x000000011dfc8000 	/System/Library/Frameworks/OpenCL.framework/Versions/A/Libraries/ImageFormats/unorm8_bgra.dylib
0x000000011dfb7000 	cl_kernels
0x000000011ad95000 	/Library/Java/JavaVirtualMachines/jdk1.8.0_31.jdk/Contents/Home/jre/lib/libjavafx_font.dylib

VM Arguments:
jvm_args: -Dfile.encoding=UTF-8 
java_command: System.MainEngine
java_class_path (initial): /Users/haozaijie/Documents/hang/workspace/BomberMan/TheBomberMan/bin
Launcher Type: SUN_STANDARD

Environment Variables:
PATH=/usr/bin:/bin:/usr/sbin:/sbin
SHELL=/bin/bash

Signal Handlers:
SIGSEGV: [libjvm.dylib+0x57a0e7], sa_mask[0]=11111111011111110111111111111111, sa_flags=SA_ONSTACK|SA_RESTART|SA_SIGINFO
SIGBUS: [libjvm.dylib+0x57a0e7], sa_mask[0]=11111111011111110111111111111111, sa_flags=SA_RESTART|SA_SIGINFO
SIGFPE: [libjvm.dylib+0x45af24], sa_mask[0]=11111111011111110111111111111111, sa_flags=SA_RESTART|SA_SIGINFO
SIGPIPE: [libjvm.dylib+0x45af24], sa_mask[0]=11111111011111110111111111111111, sa_flags=SA_RESTART|SA_SIGINFO
SIGXFSZ: [libjvm.dylib+0x45af24], sa_mask[0]=11111111011111110111111111111111, sa_flags=SA_RESTART|SA_SIGINFO
SIGILL: [libjvm.dylib+0x45af24], sa_mask[0]=11111111011111110111111111111111, sa_flags=SA_RESTART|SA_SIGINFO
SIGUSR1: SIG_DFL, sa_mask[0]=00000000000000000000000000000000, sa_flags=none
SIGUSR2: [libjvm.dylib+0x45aa42], sa_mask[0]=00100000000000000000000000000000, sa_flags=SA_RESTART|SA_SIGINFO
SIGHUP: [libjvm.dylib+0x459015], sa_mask[0]=11111111011111110111111111111111, sa_flags=SA_RESTART|SA_SIGINFO
SIGINT: [libjvm.dylib+0x459015], sa_mask[0]=11111111011111110111111111111111, sa_flags=SA_RESTART|SA_SIGINFO
SIGTERM: [libjvm.dylib+0x459015], sa_mask[0]=11111111011111110111111111111111, sa_flags=SA_RESTART|SA_SIGINFO
SIGQUIT: [libjvm.dylib+0x459015], sa_mask[0]=11111111011111110111111111111111, sa_flags=SA_RESTART|SA_SIGINFO


---------------  S Y S T E M  ---------------

OS:Bsduname:Darwin 14.0.0 Darwin Kernel Version 14.0.0: Fri Sep 19 00:26:44 PDT 2014; root:xnu-2782.1.97~2/RELEASE_X86_64 x86_64
rlimit: STACK 8192k, CORE 0k, NPROC 709, NOFILE 10240, AS infinity
load average:2.49 2.68 2.66

CPU:total 4 (2 cores per cpu, 2 threads per core) family 6 model 69 stepping 1, cmov, cx8, fxsr, mmx, sse, sse2, sse3, ssse3, sse4.1, sse4.2, popcnt, avx, avx2, aes, clmul, erms, lzcnt, ht, tsc, tscinvbit, bmi1, bmi2

Memory: 4k page, physical 4194304k(42064k free)

/proc/meminfo:


vm_info: Java HotSpot(TM) 64-Bit Server VM (25.31-b07) for bsd-amd64 JRE (1.8.0_31-b13), built on Dec 17 2014 20:45:36 by "java_re" with gcc 4.2.1 (Based on Apple Inc. build 5658) (LLVM build 2336.11.00)

time: Thu Feb  5 02:42:11 2015
elapsed time: 324 seconds (0d 0h 5m 24s)

