#
# A fatal error has been detected by the Java Runtime Environment:
#
#  SIGSEGV (0xb) at pc=0x0000000127341381, pid=3942, tid=1811
#
# JRE version: Java(TM) SE Runtime Environment (8.0_31-b13) (build 1.8.0_31-b13)
# Java VM: Java HotSpot(TM) 64-Bit Server VM (25.31-b07 mixed mode bsd-amd64 compressed oops)
# Problematic frame:
# C  [libglass.dylib+0x16381]  GlassScreenDidChangeScreenParameters+0x21
#
# Failed to write core dump. Core dumps have been disabled. To enable core dumping, try "ulimit -c unlimited" before starting Java again
#
# If you would like to submit a bug report, please visit:
#   http://bugreport.java.com/bugreport/crash.jsp
#

---------------  T H R E A D  ---------------

Current thread is native thread

siginfo: si_signo: 11 (SIGSEGV), si_code: 1 (SEGV_MAPERR), si_addr: 0x0000000000000000

Registers:
RAX=0x0000000127373d48, RBX=0x0000000000000000, RCX=0xa900d2f75e36f1c6, RDX=0x00007fff748ec1f8
RSP=0x00007fff5024f190, RBP=0x00007fff5024f1a0, RSI=0x00007ffc2bc03f28, RDI=0x0000000000000000
R8 =0x00007fff5024f040, R9 =0x00007fff734c7300, R10=0x0000000000000000, R11=0x0000000000000246
R12=0x00007ffc2bc101c0, R13=0x00000000000f4268, R14=0x00007ffc2bf2f4f0, R15=0x00007fff5024f2e0
RIP=0x0000000127341381, EFLAGS=0x0000000000010246, ERR=0x0000000000000004
  TRAPNO=0x000000000000000e

Top of Stack: (sp=0x00007fff5024f190)
0x00007fff5024f190:   00007fff5024f370 00007ffc2bf2f4f0
0x00007fff5024f1a0:   00007fff5024f1b0 00007fff8d9becbc
0x00007fff5024f1b0:   00007fff5024f510 00007fff8d8b01b4
0x00007fff5024f1c0:   00007ffc2d87c000 0000000000001e00
0x00007fff5024f1d0:   00007fff5024f248 00007ffc2bffc080
0x00007fff5024f1e0:   0000000000001003 0000000000000918
0x00007fff5024f1f0:   0000000000000004 00007ffc2bf2f4f0
0x00007fff5024f200:   0000000000000000 00007fff5024f2e0
0x00007fff5024f210:   0000000000000000 00007ffc2bf2f4b0
0x00007fff5024f220:   00007fff5024f360 0000000000000061
0x00007fff5024f230:   00000000000f430c 00007ffc2bf2a1e0
0x00007fff5024f240:   00007ffc2bc51800 00007ffc2bc101c0
0x00007fff5024f250:   0000000000000001 00000000000f4268
0x00007fff5024f260:   00007ffc2bc101b0 00007fff917c0acb
0x00007fff5024f270:   0000000000000001 0000000000000001
0x00007fff5024f280:   0000000000000030 0000000000000001
0x00007fff5024f290:   00007fff5024f2b0 00007fff917c6231
0x00007fff5024f2a0:   00007fff73c99dd0 0000000000000000
0x00007fff5024f2b0:   00007fff5024f2d0 000000000000000f
0x00007fff5024f2c0:   00045d0300000000 00007ffc2bc101e4
0x00007fff5024f2d0:   0000000000000000 00007fff8d8a5c8f
0x00007fff5024f2e0:   00007ffc2bf2f4f0 00007fff73c99dd0
0x00007fff5024f2f0:   00007fff5024f370 0000000000000001
0x00007fff5024f300:   00007fff5024f340 00007fff917c053e
0x00007fff5024f310:   000000010f9cba00 0000000000000002
0x00007fff5024f320:   000000010f9c8000 00007ffc2bf23862
0x00007fff5024f330:   0000000000000003 000000010f9cd800
0x00007fff5024f340:   00007fff5024f430 00007fff917bf2a2
0x00007fff5024f350:   00007ffc2bc4f9c0 00007fff5024f518
0x00007fff5024f360:   0000000000000017 0000000000000000
0x00007fff5024f370:   00000000000f4268 00007fff8d8a5f83
0x00007fff5024f380:   00007fff00000000 00007ffc2be450d0 

Instructions: (pc=0x0000000127341381)
0x0000000127341361:   48 89 e5 41 56 53 48 8d 05 d2 2a 03 00 48 83 38
0x0000000127341371:   00 48 89 fb 75 72 48 8d 05 ca 29 03 00 48 8b 30
0x0000000127341381:   48 8b 03 48 8d 15 7c 99 01 00 48 8d 0d 5e 6f 01
0x0000000127341391:   00 48 89 df ff 90 88 03 00 00 48 8d 0d 9e 2a 03 

Register to memory mapping:

RAX=0x0000000127373d48: jScreenClass+0 in /Library/Java/JavaVirtualMachines/jdk1.8.0_31.jdk/Contents/Home/jre/lib/libglass.dylib at 0x000000012732b000
RBX=0x0000000000000000 is an unknown value
RCX=0xa900d2f75e36f1c6 is an unknown value
RDX=0x00007fff748ec1f8: __sFX+0x1c8 in /usr/lib/system/libsystem_c.dylib at 0x00007fff90b22000
RSP=0x00007fff5024f190 is an unknown value
RBP=0x00007fff5024f1a0 is an unknown value
RSI=0x00007ffc2bc03f28 is a global jni handle
RDI=0x0000000000000000 is an unknown value
R8 =0x00007fff5024f040 is an unknown value
R9 =0x00007fff734c7300: _thread+0 in /usr/lib/system/libsystem_pthread.dylib at 0x00007fff89c7b000
R10=0x0000000000000000 is an unknown value
R11=0x0000000000000246 is an unknown value
R12=0x00007ffc2bc101c0 is an unknown value
R13=0x00000000000f4268 is an unknown value
R14=0x00007ffc2bf2f4f0 is an unknown value
R15=0x00007fff5024f2e0 is an unknown value


Stack: [0x00007fff4fa52000,0x00007fff50252000],  sp=0x00007fff5024f190,  free space=8180k
Native frames: (J=compiled Java code, j=interpreted, Vv=VM code, C=native code)
C  [libglass.dylib+0x16381]  GlassScreenDidChangeScreenParameters+0x21
C  [CoreFoundation+0x11ecbc]  __CFNOTIFICATIONCENTER_IS_CALLING_OUT_TO_AN_OBSERVER__+0xc
C  [CoreFoundation+0x101b4]  _CFXNotificationPost+0xc44
C  [Foundation+0x2ea1]  -[NSNotificationCenter postNotificationName:object:userInfo:]+0x42
C  [AppKit+0x362dee]  -[NSApplication _reactToScreenInvalidationImmediately:]+0x17b
C  [AppKit+0x362c2d]  __44-[NSApplication _reactToScreenInvalidation:]_block_invoke+0x4b
C  [CoreFoundation+0x8054c]  __CFRUNLOOP_IS_CALLING_OUT_TO_A_BLOCK__+0xc
C  [CoreFoundation+0x72655]  __CFRunLoopDoBlocks+0x155
C  [CoreFoundation+0x72196]  __CFRunLoopRun+0x716
C  [CoreFoundation+0x71838]  CFRunLoopRunSpecific+0x128
C  [java+0x56cc]  CreateExecutionEnvironment+0x367
C  [java+0x165c]  JLI_Launch+0x7a0
C  [java+0x768a]  main+0x65
C  [java+0xeb4]  start+0x34


---------------  P R O C E S S  ---------------

VM state:not at safepoint (normal execution)

VM Mutex/Monitor currently owned by a thread: None

Heap:
 PSYoungGen      total 35328K, used 32601K [0x00000007aab00000, 0x00000007af300000, 0x00000007c0000000)
  eden space 31744K, 92% used [0x00000007aab00000,0x00000007ac7be648,0x00000007aca00000)
  from space 3584K, 88% used [0x00000007aef80000,0x00000007af298020,0x00000007af300000)
  to   space 4608K, 0% used [0x00000007aea00000,0x00000007aea00000,0x00000007aee80000)
 ParOldGen       total 44032K, used 2102K [0x0000000780000000, 0x0000000782b00000, 0x00000007aab00000)
  object space 44032K, 4% used [0x0000000780000000,0x000000078020d9a0,0x0000000782b00000)
 Metaspace       used 11438K, capacity 11798K, committed 12160K, reserved 1060864K
  class space    used 1429K, capacity 1541K, committed 1664K, reserved 1048576K

Card table byte_map: [0x0000000120713000,0x0000000120914000] byte_map_base: 0x000000011cb13000

Marking Bits: (ParMarkBitMap*) 0x0000000110c9e410
 Begin Bits: [0x0000000120e76000, 0x0000000121e76000)
 End Bits:   [0x0000000121e76000, 0x0000000122e76000)

Polling page: 0x000000010fbe7000

CodeCache: size=245760Kb used=6588Kb max_used=6589Kb free=239171Kb
 bounds [0x0000000111353000, 0x00000001119d3000, 0x0000000120353000]
 total_blobs=2558 nmethods=1999 adapters=473
 compilation: enabled

Compilation events (10 events):
Event: 112.744 Thread 0x00007ffc2d837800 2168       4       com.sun.prism.es2.ES2SwapChain::getContentWidth (15 bytes)
Event: 112.745 Thread 0x00007ffc2d837800 nmethod 2168 0x000000011174b150 code [0x000000011174b2a0, 0x000000011174b338]
Event: 120.441 Thread 0x00007ffc2d83a000 2169       3       java.lang.invoke.LambdaForm$BMH/1747585824::reinvoke (26 bytes)
Event: 120.442 Thread 0x00007ffc2d83a000 nmethod 2169 0x000000011172d3d0 code [0x000000011172d580, 0x000000011172dca8]
Event: 120.450 Thread 0x00007ffc2d83a000 2170       3       jdk.internal.org.objectweb.asm.MethodWriter::visitMethodInsn (220 bytes)
Event: 120.451 Thread 0x00007ffc2d83a000 nmethod 2170 0x000000011174bcd0 code [0x000000011174bec0, 0x000000011174c568]
Event: 120.451 Thread 0x00007ffc2d83a000 2171       3       jdk.internal.org.objectweb.asm.ClassWriter::newMethodItem (91 bytes)
Event: 120.452 Thread 0x00007ffc2d83a000 nmethod 2171 0x00000001115ecc90 code [0x00000001115ece80, 0x00000001115ed4f8]
Event: 120.453 Thread 0x00007ffc2d83a000 2172       3       java.util.concurrent.ThreadPoolExecutor$Worker::tryAcquire (20 bytes)
Event: 120.453 Thread 0x00007ffc2d83a000 nmethod 2172 0x0000000111749fd0 code [0x000000011174a140, 0x000000011174a4f0]

GC Heap History (10 events):
Event: 1.225 GC heap before
{Heap before GC invocations=2 (full 0):
 PSYoungGen      total 18944K, used 18240K [0x00000007aab00000, 0x00000007ac000000, 0x00000007c0000000)
  eden space 16384K, 99% used [0x00000007aab00000,0x00000007abaf80d8,0x00000007abb00000)
  from space 2560K, 73% used [0x00000007abb00000,0x00000007abcd8020,0x00000007abd80000)
  to   space 2560K, 0% used [0x00000007abd80000,0x00000007abd80000,0x00000007ac000000)
 ParOldGen       total 44032K, used 8K [0x0000000780000000, 0x0000000782b00000, 0x00000007aab00000)
  object space 44032K, 0% used [0x0000000780000000,0x0000000780002000,0x0000000782b00000)
 Metaspace       used 6678K, capacity 7174K, committed 7424K, reserved 1056768K
  class space    used 797K, capacity 897K, committed 1024K, reserved 1048576K
Event: 1.231 GC heap after
Heap after GC invocations=2 (full 0):
 PSYoungGen      total 18944K, used 2400K [0x00000007aab00000, 0x00000007ad000000, 0x00000007c0000000)
  eden space 16384K, 0% used [0x00000007aab00000,0x00000007aab00000,0x00000007abb00000)
  from space 2560K, 93% used [0x00000007abd80000,0x00000007abfd8020,0x00000007ac000000)
  to   space 2560K, 0% used [0x00000007abb00000,0x00000007abb00000,0x00000007abd80000)
 ParOldGen       total 44032K, used 16K [0x0000000780000000, 0x0000000782b00000, 0x00000007aab00000)
  object space 44032K, 0% used [0x0000000780000000,0x0000000780004000,0x0000000782b00000)
 Metaspace       used 6678K, capacity 7174K, committed 7424K, reserved 1056768K
  class space    used 797K, capacity 897K, committed 1024K, reserved 1048576K
}
Event: 1.459 GC heap before
{Heap before GC invocations=3 (full 0):
 PSYoungGen      total 18944K, used 18773K [0x00000007aab00000, 0x00000007ad000000, 0x00000007c0000000)
  eden space 16384K, 99% used [0x00000007aab00000,0x00000007abafd4c0,0x00000007abb00000)
  from space 2560K, 93% used [0x00000007abd80000,0x00000007abfd8020,0x00000007ac000000)
  to   space 2560K, 0% used [0x00000007abb00000,0x00000007abb00000,0x00000007abd80000)
 ParOldGen       total 44032K, used 16K [0x0000000780000000, 0x0000000782b00000, 0x00000007aab00000)
  object space 44032K, 0% used [0x0000000780000000,0x0000000780004000,0x0000000782b00000)
 Metaspace       used 6746K, capacity 7178K, committed 7424K, reserved 1056768K
  class space    used 797K, capacity 897K, committed 1024K, reserved 1048576K
Event: 1.462 GC heap after
Heap after GC invocations=3 (full 0):
 PSYoungGen      total 18944K, used 2528K [0x00000007aab00000, 0x00000007ad000000, 0x00000007c0000000)
  eden space 16384K, 0% used [0x00000007aab00000,0x00000007aab00000,0x00000007abb00000)
  from space 2560K, 98% used [0x00000007abb00000,0x00000007abd78040,0x00000007abd80000)
  to   space 2560K, 0% used [0x00000007acd80000,0x00000007acd80000,0x00000007ad000000)
 ParOldGen       total 44032K, used 388K [0x0000000780000000, 0x0000000782b00000, 0x00000007aab00000)
  object space 44032K, 0% used [0x0000000780000000,0x0000000780061110,0x0000000782b00000)
 Metaspace       used 6746K, capacity 7178K, committed 7424K, reserved 1056768K
  class space    used 797K, capacity 897K, committed 1024K, reserved 1048576K
}
Event: 1.702 GC heap before
{Heap before GC invocations=4 (full 0):
 PSYoungGen      total 18944K, used 18807K [0x00000007aab00000, 0x00000007ad000000, 0x00000007c0000000)
  eden space 16384K, 99% used [0x00000007aab00000,0x00000007abae5ec8,0x00000007abb00000)
  from space 2560K, 98% used [0x00000007abb00000,0x00000007abd78040,0x00000007abd80000)
  to   space 2560K, 0% used [0x00000007acd80000,0x00000007acd80000,0x00000007ad000000)
 ParOldGen       total 44032K, used 388K [0x0000000780000000, 0x0000000782b00000, 0x00000007aab00000)
  object space 44032K, 0% used [0x0000000780000000,0x0000000780061110,0x0000000782b00000)
 Metaspace       used 7200K, capacity 7590K, committed 7680K, reserved 1056768K
  class space    used 892K, capacity 967K, committed 1024K, reserved 1048576K
Event: 1.705 GC heap after
Heap after GC invocations=4 (full 0):
 PSYoungGen      total 35328K, used 2544K [0x00000007aab00000, 0x00000007ad000000, 0x00000007c0000000)
  eden space 32768K, 0% used [0x00000007aab00000,0x00000007aab00000,0x00000007acb00000)
  from space 2560K, 99% used [0x00000007acd80000,0x00000007acffc030,0x00000007ad000000)
  to   space 2560K, 0% used [0x00000007acb00000,0x00000007acb00000,0x00000007acd80000)
 ParOldGen       total 44032K, used 884K [0x0000000780000000, 0x0000000782b00000, 0x00000007aab00000)
  object space 44032K, 2% used [0x0000000780000000,0x00000007800dd3d0,0x0000000782b00000)
 Metaspace       used 7200K, capacity 7590K, committed 7680K, reserved 1056768K
  class space    used 892K, capacity 967K, committed 1024K, reserved 1048576K
}
Event: 2.192 GC heap before
{Heap before GC invocations=5 (full 0):
 PSYoungGen      total 35328K, used 35312K [0x00000007aab00000, 0x00000007ad000000, 0x00000007c0000000)
  eden space 32768K, 100% used [0x00000007aab00000,0x00000007acb00000,0x00000007acb00000)
  from space 2560K, 99% used [0x00000007acd80000,0x00000007acffc030,0x00000007ad000000)
  to   space 2560K, 0% used [0x00000007acb00000,0x00000007acb00000,0x00000007acd80000)
 ParOldGen       total 44032K, used 884K [0x0000000780000000, 0x0000000782b00000, 0x00000007aab00000)
  object space 44032K, 2% used [0x0000000780000000,0x00000007800dd3d0,0x0000000782b00000)
 Metaspace       used 9181K, capacity 9526K, committed 9856K, reserved 1058816K
  class space    used 1218K, capacity 1331K, committed 1408K, reserved 1048576K
Event: 2.196 GC heap after
Heap after GC invocations=5 (full 0):
 PSYoungGen      total 35328K, used 2528K [0x00000007aab00000, 0x00000007af400000, 0x00000007c0000000)
  eden space 32768K, 0% used [0x00000007aab00000,0x00000007aab00000,0x00000007acb00000)
  from space 2560K, 98% used [0x00000007acb00000,0x00000007acd78020,0x00000007acd80000)
  to   space 4608K, 0% used [0x00000007aef80000,0x00000007aef80000,0x00000007af400000)
 ParOldGen       total 44032K, used 2094K [0x0000000780000000, 0x0000000782b00000, 0x00000007aab00000)
  object space 44032K, 4% used [0x0000000780000000,0x000000078020b9a0,0x0000000782b00000)
 Metaspace       used 9181K, capacity 9526K, committed 9856K, reserved 1058816K
  class space    used 1218K, capacity 1331K, committed 1408K, reserved 1048576K
}
Event: 32.889 GC heap before
{Heap before GC invocations=6 (full 0):
 PSYoungGen      total 35328K, used 35296K [0x00000007aab00000, 0x00000007af400000, 0x00000007c0000000)
  eden space 32768K, 100% used [0x00000007aab00000,0x00000007acb00000,0x00000007acb00000)
  from space 2560K, 98% used [0x00000007acb00000,0x00000007acd78020,0x00000007acd80000)
  to   space 4608K, 0% used [0x00000007aef80000,0x00000007aef80000,0x00000007af400000)
 ParOldGen       total 44032K, used 2094K [0x0000000780000000, 0x0000000782b00000, 0x00000007aab00000)
  object space 44032K, 4% used [0x0000000780000000,0x000000078020b9a0,0x0000000782b00000)
 Metaspace       used 11371K, capacity 11764K, committed 11776K, reserved 1058816K
  class space    used 1424K, capacity 1534K, committed 1536K, reserved 1048576K
Event: 32.898 GC heap after
Heap after GC invocations=6 (full 0):
 PSYoungGen      total 35328K, used 3168K [0x00000007aab00000, 0x00000007af300000, 0x00000007c0000000)
  eden space 31744K, 0% used [0x00000007aab00000,0x00000007aab00000,0x00000007aca00000)
  from space 3584K, 88% used [0x00000007aef80000,0x00000007af298020,0x00000007af300000)
  to   space 4608K, 0% used [0x00000007aea00000,0x00000007aea00000,0x00000007aee80000)
 ParOldGen       total 44032K, used 2102K [0x0000000780000000, 0x0000000782b00000, 0x00000007aab00000)
  object space 44032K, 4% used [0x0000000780000000,0x000000078020d9a0,0x0000000782b00000)
 Metaspace       used 11371K, capacity 11764K, committed 11776K, reserved 1058816K
  class space    used 1424K, capacity 1534K, committed 1536K, reserved 1048576K
}

Deoptimization events (10 events):
Event: 2.273 Thread 0x00007ffc2c873800 Uncommon trap: reason=unreached action=reinterpret pc=0x000000011161ceb8 method=sun.misc.URLClassPath$JarLoader.findResource(Ljava/lang/String;Z)Ljava/net/URL; @ 8
Event: 2.274 Thread 0x00007ffc2c873800 Uncommon trap: reason=class_check action=maybe_recompile pc=0x0000000111560c54 method=java.io.FilterInputStream.read([B)I @ 5
Event: 2.275 Thread 0x00007ffc2c873800 Uncommon trap: reason=class_check action=maybe_recompile pc=0x0000000111560c54 method=java.io.FilterInputStream.read([B)I @ 5
Event: 2.275 Thread 0x00007ffc2c873800 Uncommon trap: reason=class_check action=maybe_recompile pc=0x0000000111560c54 method=java.io.FilterInputStream.read([B)I @ 5
Event: 2.278 Thread 0x00007ffc2c873800 Uncommon trap: reason=class_check action=maybe_recompile pc=0x0000000111560c54 method=java.io.FilterInputStream.read([B)I @ 5
Event: 32.922 Thread 0x00007ffc2d0e4000 Uncommon trap: reason=unreached action=reinterpret pc=0x00000001117979c8 method=java.util.WeakHashMap.expungeStaleEntries()V @ 9
Event: 120.442 Thread 0x00007ffc2c873800 Uncommon trap: reason=class_check action=maybe_recompile pc=0x0000000111768784 method=java.util.AbstractCollection.isEmpty()Z @ 1
Event: 120.453 Thread 0x00007ffc2c873800 Uncommon trap: reason=class_check action=maybe_recompile pc=0x0000000111768784 method=java.util.AbstractCollection.isEmpty()Z @ 1
Event: 120.453 Thread 0x00007ffc2d0e4000 Uncommon trap: reason=class_check action=maybe_recompile pc=0x0000000111768784 method=java.util.AbstractCollection.isEmpty()Z @ 1
Event: 120.453 Thread 0x00007ffc2d0e4000 Uncommon trap: reason=class_check action=maybe_recompile pc=0x0000000111768784 method=java.util.AbstractCollection.isEmpty()Z @ 1

Internal exceptions (10 events):
Event: 2.253 Thread 0x00007ffc2c873800 Exception <a 'java/security/PrivilegedActionException'> (0x00000007aae3bea0) thrown at [/Users/java_re/workspace/8-2-build-macosx-x86_64/jdk8u31/2394/hotspot/src/share/vm/prims/jvm.cpp, line 1312]
Event: 2.273 Thread 0x00007ffc2c873800 Exception <a 'java/security/PrivilegedActionException'> (0x00000007aaee3eb0) thrown at [/Users/java_re/workspace/8-2-build-macosx-x86_64/jdk8u31/2394/hotspot/src/share/vm/prims/jvm.cpp, line 1312]
Event: 2.276 Thread 0x00007ffc2c873800 Exception <a 'java/security/PrivilegedActionException'> (0x00000007aaefb5e0) thrown at [/Users/java_re/workspace/8-2-build-macosx-x86_64/jdk8u31/2394/hotspot/src/share/vm/prims/jvm.cpp, line 1312]
Event: 2.278 Thread 0x00007ffc2c873800 Exception <a 'java/security/PrivilegedActionException'> (0x00000007aaf1db20) thrown at [/Users/java_re/workspace/8-2-build-macosx-x86_64/jdk8u31/2394/hotspot/src/share/vm/prims/jvm.cpp, line 1312]
Event: 2.279 Thread 0x00007ffc2c873800 Exception <a 'java/security/PrivilegedActionException'> (0x00000007aaf34360) thrown at [/Users/java_re/workspace/8-2-build-macosx-x86_64/jdk8u31/2394/hotspot/src/share/vm/prims/jvm.cpp, line 1312]
Event: 2.283 Thread 0x00007ffc2c873800 Exception <a 'java/security/PrivilegedActionException'> (0x00000007aaf56668) thrown at [/Users/java_re/workspace/8-2-build-macosx-x86_64/jdk8u31/2394/hotspot/src/share/vm/prims/jvm.cpp, line 1312]
Event: 3.190 Thread 0x00007ffc2c873800 Exception <a 'java/security/PrivilegedActionException'> (0x00000007ab10c918) thrown at [/Users/java_re/workspace/8-2-build-macosx-x86_64/jdk8u31/2394/hotspot/src/share/vm/prims/jvm.cpp, line 1312]
Event: 3.191 Thread 0x00007ffc2c873800 Exception <a 'java/security/PrivilegedActionException'> (0x00000007ab10fc78) thrown at [/Users/java_re/workspace/8-2-build-macosx-x86_64/jdk8u31/2394/hotspot/src/share/vm/prims/jvm.cpp, line 1312]
Event: 3.192 Thread 0x00007ffc2c873800 Exception <a 'java/security/PrivilegedActionException'> (0x00000007ab112b80) thrown at [/Users/java_re/workspace/8-2-build-macosx-x86_64/jdk8u31/2394/hotspot/src/share/vm/prims/jvm.cpp, line 1312]
Event: 5.203 Thread 0x00007ffc2c873800 Exception <a 'java/security/PrivilegedActionException'> (0x00000007ab3c6658) thrown at [/Users/java_re/workspace/8-2-build-macosx-x86_64/jdk8u31/2394/hotspot/src/share/vm/prims/jvm.cpp, line 1312]

Events (10 events):
Event: 120.453 Thread 0x00007ffc2d0e4000 DEOPT PACKING pc=0x0000000111768784 sp=0x0000000126e7b6c0
Event: 120.453 Thread 0x00007ffc2d0e4000 DEOPT UNPACKING pc=0x0000000111357f69 sp=0x0000000126e7b670 mode 2
Event: 120.453 Thread 0x00007ffc2d0e4000 Uncommon trap: trap_request=0xffffffde fr.pc=0x0000000111768784
Event: 120.453 Thread 0x00007ffc2d0e4000 DEOPT PACKING pc=0x0000000111768784 sp=0x0000000126e7b690
Event: 120.453 Thread 0x00007ffc2d0e4000 DEOPT UNPACKING pc=0x0000000111357f69 sp=0x0000000126e7b648 mode 2
Event: 120.453 Thread 0x00007ffc2d0e4000 Thread exited: 0x00007ffc2d0e4000
Event: 120.453 Thread 0x00007ffc2d93b800 Thread exited: 0x00007ffc2d93b800
Event: 120.453 Thread 0x00007ffc2c00e000 Thread exited: 0x00007ffc2c00e000
Event: 120.453 Thread 0x00007ffc2cae6800 Thread added: 0x00007ffc2cae6800
Event: 120.453 Thread 0x00007ffc2c873800 Thread exited: 0x00007ffc2c873800


Dynamic libraries:
0x0000000002597000 	/System/Library/Frameworks/Cocoa.framework/Versions/A/Cocoa
0x0000000002597000 	/System/Library/Frameworks/Security.framework/Versions/A/Security
0x0000000002597000 	/System/Library/Frameworks/ApplicationServices.framework/Versions/A/ApplicationServices
0x0000000002597000 	/usr/lib/libz.1.dylib
0x0000000002597000 	/usr/lib/libSystem.B.dylib
0x0000000002597000 	/usr/lib/libobjc.A.dylib
0x0000000002597000 	/System/Library/Frameworks/CoreFoundation.framework/Versions/A/CoreFoundation
0x0000000002597000 	/System/Library/Frameworks/Foundation.framework/Versions/C/Foundation
0x0000000002597000 	/System/Library/Frameworks/AppKit.framework/Versions/C/AppKit
0x0000000002597000 	/System/Library/Frameworks/CoreData.framework/Versions/A/CoreData
0x0000000002597000 	/System/Library/PrivateFrameworks/RemoteViewServices.framework/Versions/A/RemoteViewServices
0x0000000002597000 	/System/Library/PrivateFrameworks/UIFoundation.framework/Versions/A/UIFoundation
0x0000000002597000 	/System/Library/Frameworks/IOSurface.framework/Versions/A/IOSurface
0x0000000002597000 	/System/Library/Frameworks/AudioToolbox.framework/Versions/A/AudioToolbox
0x0000000002597000 	/System/Library/Frameworks/AudioUnit.framework/Versions/A/AudioUnit
0x0000000002597000 	/System/Library/PrivateFrameworks/DataDetectorsCore.framework/Versions/A/DataDetectorsCore
0x0000000002597000 	/System/Library/PrivateFrameworks/DesktopServicesPriv.framework/Versions/A/DesktopServicesPriv
0x0000000002597000 	/System/Library/Frameworks/Carbon.framework/Versions/A/Frameworks/HIToolbox.framework/Versions/A/HIToolbox
0x0000000002597000 	/System/Library/Frameworks/QuartzCore.framework/Versions/A/QuartzCore
0x0000000002597000 	/System/Library/Frameworks/Carbon.framework/Versions/A/Frameworks/SpeechRecognition.framework/Versions/A/SpeechRecognition
0x0000000002597000 	/usr/lib/libauto.dylib
0x0000000002597000 	/usr/lib/libicucore.A.dylib
0x0000000002597000 	/usr/lib/libxml2.2.dylib
0x0000000002597000 	/System/Library/PrivateFrameworks/CoreUI.framework/Versions/A/CoreUI
0x0000000002597000 	/System/Library/Frameworks/CoreAudio.framework/Versions/A/CoreAudio
0x0000000002597000 	/System/Library/Frameworks/DiskArbitration.framework/Versions/A/DiskArbitration
0x0000000002597000 	/usr/lib/liblangid.dylib
0x0000000002597000 	/System/Library/PrivateFrameworks/MultitouchSupport.framework/Versions/A/MultitouchSupport
0x0000000002597000 	/System/Library/Frameworks/IOKit.framework/Versions/A/IOKit
0x0000000002597000 	/usr/lib/libDiagnosticMessagesClient.dylib
0x0000000002597000 	/System/Library/Frameworks/CoreServices.framework/Versions/A/CoreServices
0x0000000002597000 	/System/Library/PrivateFrameworks/PerformanceAnalysis.framework/Versions/A/PerformanceAnalysis
0x0000000002597000 	/System/Library/PrivateFrameworks/GenerationalStorage.framework/Versions/A/GenerationalStorage
0x0000000002597000 	/System/Library/Frameworks/OpenGL.framework/Versions/A/OpenGL
0x0000000002597000 	/System/Library/PrivateFrameworks/Sharing.framework/Versions/A/Sharing
0x0000000002597000 	/System/Library/Frameworks/CoreGraphics.framework/Versions/A/CoreGraphics
0x0000000002597000 	/System/Library/Frameworks/CoreText.framework/Versions/A/CoreText
0x0000000002597000 	/System/Library/Frameworks/ImageIO.framework/Versions/A/ImageIO
0x0000000002597000 	/usr/lib/libextension.dylib
0x0000000002597000 	/System/Library/PrivateFrameworks/Backup.framework/Versions/A/Backup
0x0000000002597000 	/usr/lib/libarchive.2.dylib
0x0000000002597000 	/System/Library/Frameworks/CFNetwork.framework/Versions/A/CFNetwork
0x0000000002597000 	/System/Library/Frameworks/SystemConfiguration.framework/Versions/A/SystemConfiguration
0x0000000002597000 	/usr/lib/libCRFSuite.dylib
0x0000000002597000 	/usr/lib/libc++.1.dylib
0x0000000002597000 	/usr/lib/libc++abi.dylib
0x0000000002597000 	/usr/lib/system/libcache.dylib
0x0000000002597000 	/usr/lib/system/libcommonCrypto.dylib
0x0000000002597000 	/usr/lib/system/libcompiler_rt.dylib
0x0000000002597000 	/usr/lib/system/libcopyfile.dylib
0x0000000002597000 	/usr/lib/system/libcorecrypto.dylib
0x0000000002597000 	/usr/lib/system/libdispatch.dylib
0x0000000002597000 	/usr/lib/system/libdyld.dylib
0x0000000002597000 	/usr/lib/system/libkeymgr.dylib
0x0000000002597000 	/usr/lib/system/liblaunch.dylib
0x0000000002597000 	/usr/lib/system/libmacho.dylib
0x0000000002597000 	/usr/lib/system/libquarantine.dylib
0x0000000002597000 	/usr/lib/system/libremovefile.dylib
0x0000000002597000 	/usr/lib/system/libsystem_asl.dylib
0x0000000002597000 	/usr/lib/system/libsystem_blocks.dylib
0x0000000002597000 	/usr/lib/system/libsystem_c.dylib
0x0000000002597000 	/usr/lib/system/libsystem_configuration.dylib
0x0000000002597000 	/usr/lib/system/libsystem_coreservices.dylib
0x0000000002597000 	/usr/lib/system/libsystem_coretls.dylib
0x0000000002597000 	/usr/lib/system/libsystem_dnssd.dylib
0x0000000002597000 	/usr/lib/system/libsystem_info.dylib
0x0000000002597000 	/usr/lib/system/libsystem_kernel.dylib
0x0000000002597000 	/usr/lib/system/libsystem_m.dylib
0x0000000002597000 	/usr/lib/system/libsystem_malloc.dylib
0x0000000002597000 	/usr/lib/system/libsystem_network.dylib
0x0000000002597000 	/usr/lib/system/libsystem_networkextension.dylib
0x0000000002597000 	/usr/lib/system/libsystem_notify.dylib
0x0000000002597000 	/usr/lib/system/libsystem_platform.dylib
0x0000000002597000 	/usr/lib/system/libsystem_pthread.dylib
0x0000000002597000 	/usr/lib/system/libsystem_sandbox.dylib
0x0000000002597000 	/usr/lib/system/libsystem_secinit.dylib
0x0000000002597000 	/usr/lib/system/libsystem_stats.dylib
0x0000000002597000 	/usr/lib/system/libsystem_trace.dylib
0x0000000002597000 	/usr/lib/system/libunc.dylib
0x0000000002597000 	/usr/lib/system/libunwind.dylib
0x0000000002597000 	/usr/lib/system/libxpc.dylib
0x0000000002597000 	/usr/lib/libbz2.1.0.dylib
0x0000000002597000 	/usr/lib/liblzma.5.dylib
0x0000000002597000 	/usr/lib/libbsm.0.dylib
0x0000000002597000 	/usr/lib/libsqlite3.dylib
0x0000000002597000 	/usr/lib/system/libkxld.dylib
0x0000000002597000 	/usr/lib/libxar.1.dylib
0x0000000002597000 	/usr/lib/libpam.2.dylib
0x0000000002597000 	/usr/lib/libOpenScriptingUtil.dylib
0x0000000002597000 	/System/Library/Frameworks/CoreServices.framework/Versions/A/Frameworks/FSEvents.framework/Versions/A/FSEvents
0x0000000002597000 	/System/Library/Frameworks/CoreServices.framework/Versions/A/Frameworks/CarbonCore.framework/Versions/A/CarbonCore
0x0000000002597000 	/System/Library/Frameworks/CoreServices.framework/Versions/A/Frameworks/Metadata.framework/Versions/A/Metadata
0x0000000002597000 	/System/Library/Frameworks/CoreServices.framework/Versions/A/Frameworks/OSServices.framework/Versions/A/OSServices
0x0000000002597000 	/System/Library/Frameworks/CoreServices.framework/Versions/A/Frameworks/SearchKit.framework/Versions/A/SearchKit
0x0000000002597000 	/System/Library/Frameworks/CoreServices.framework/Versions/A/Frameworks/AE.framework/Versions/A/AE
0x0000000002597000 	/System/Library/Frameworks/CoreServices.framework/Versions/A/Frameworks/LaunchServices.framework/Versions/A/LaunchServices
0x0000000002597000 	/System/Library/Frameworks/CoreServices.framework/Versions/A/Frameworks/DictionaryServices.framework/Versions/A/DictionaryServices
0x0000000002597000 	/System/Library/Frameworks/NetFS.framework/Versions/A/NetFS
0x0000000002597000 	/System/Library/PrivateFrameworks/NetAuth.framework/Versions/A/NetAuth
0x0000000002597000 	/System/Library/PrivateFrameworks/login.framework/Versions/A/Frameworks/loginsupport.framework/Versions/A/loginsupport
0x0000000002597000 	/System/Library/PrivateFrameworks/TCC.framework/Versions/A/TCC
0x0000000002597000 	/usr/lib/libmecabra.dylib
0x0000000002597000 	/System/Library/PrivateFrameworks/LanguageModeling.framework/Versions/A/LanguageModeling
0x0000000002597000 	/usr/lib/libcmph.dylib
0x0000000002597000 	/usr/lib/libiconv.2.dylib
0x0000000002597000 	/System/Library/Frameworks/OpenDirectory.framework/Versions/A/Frameworks/CFOpenDirectory.framework/Versions/A/CFOpenDirectory
0x0000000002597000 	/System/Library/Frameworks/ServiceManagement.framework/Versions/A/ServiceManagement
0x0000000002597000 	/usr/lib/libxslt.1.dylib
0x0000000002597000 	/System/Library/Frameworks/Carbon.framework/Versions/A/Frameworks/Ink.framework/Versions/A/Ink
0x0000000002597000 	/System/Library/Frameworks/ApplicationServices.framework/Versions/A/Frameworks/ATS.framework/Versions/A/ATS
0x0000000002597000 	/System/Library/Frameworks/ApplicationServices.framework/Versions/A/Frameworks/ColorSync.framework/Versions/A/ColorSync
0x0000000002597000 	/System/Library/Frameworks/ApplicationServices.framework/Versions/A/Frameworks/HIServices.framework/Versions/A/HIServices
0x0000000002597000 	/System/Library/Frameworks/ApplicationServices.framework/Versions/A/Frameworks/LangAnalysis.framework/Versions/A/LangAnalysis
0x0000000002597000 	/System/Library/Frameworks/ApplicationServices.framework/Versions/A/Frameworks/PrintCore.framework/Versions/A/PrintCore
0x0000000002597000 	/System/Library/Frameworks/ApplicationServices.framework/Versions/A/Frameworks/QD.framework/Versions/A/QD
0x0000000002597000 	/System/Library/Frameworks/ApplicationServices.framework/Versions/A/Frameworks/SpeechSynthesis.framework/Versions/A/SpeechSynthesis
0x0000000002597000 	/System/Library/Frameworks/Accelerate.framework/Versions/A/Accelerate
0x0000000002597000 	/System/Library/Frameworks/Accelerate.framework/Versions/A/Frameworks/vImage.framework/Versions/A/vImage
0x0000000002597000 	/System/Library/Frameworks/Accelerate.framework/Versions/A/Frameworks/vecLib.framework/Versions/A/vecLib
0x0000000002597000 	/System/Library/Frameworks/Accelerate.framework/Versions/A/Frameworks/vecLib.framework/Versions/A/libvDSP.dylib
0x0000000002597000 	/System/Library/Frameworks/Accelerate.framework/Versions/A/Frameworks/vecLib.framework/Versions/A/libvMisc.dylib
0x0000000002597000 	/System/Library/Frameworks/Accelerate.framework/Versions/A/Frameworks/vecLib.framework/Versions/A/libLAPACK.dylib
0x0000000002597000 	/System/Library/Frameworks/Accelerate.framework/Versions/A/Frameworks/vecLib.framework/Versions/A/libBLAS.dylib
0x0000000002597000 	/System/Library/Frameworks/Accelerate.framework/Versions/A/Frameworks/vecLib.framework/Versions/A/libLinearAlgebra.dylib
0x0000000002597000 	/System/Library/Frameworks/ApplicationServices.framework/Versions/A/Frameworks/ATS.framework/Versions/A/Resources/libFontParser.dylib
0x0000000002597000 	/System/Library/Frameworks/ApplicationServices.framework/Versions/A/Frameworks/ATS.framework/Versions/A/Resources/libFontRegistry.dylib
0x0000000002597000 	/System/Library/PrivateFrameworks/AppleVPA.framework/Versions/A/AppleVPA
0x0000000002597000 	/System/Library/PrivateFrameworks/AppleJPEG.framework/Versions/A/AppleJPEG
0x0000000002597000 	/System/Library/Frameworks/ImageIO.framework/Versions/A/Resources/libJPEG.dylib
0x0000000002597000 	/System/Library/Frameworks/ImageIO.framework/Versions/A/Resources/libTIFF.dylib
0x0000000002597000 	/System/Library/Frameworks/ImageIO.framework/Versions/A/Resources/libPng.dylib
0x0000000002597000 	/System/Library/Frameworks/ImageIO.framework/Versions/A/Resources/libGIF.dylib
0x0000000002597000 	/System/Library/Frameworks/ImageIO.framework/Versions/A/Resources/libJP2.dylib
0x0000000002597000 	/System/Library/Frameworks/ImageIO.framework/Versions/A/Resources/libRadiance.dylib
0x0000000002597000 	/System/Library/Frameworks/CoreVideo.framework/Versions/A/CoreVideo
0x0000000002597000 	/System/Library/Frameworks/OpenGL.framework/Versions/A/Libraries/libGLU.dylib
0x0000000002597000 	/System/Library/Frameworks/OpenGL.framework/Versions/A/Libraries/libGFXShared.dylib
0x0000000002597000 	/System/Library/Frameworks/OpenGL.framework/Versions/A/Libraries/libGL.dylib
0x0000000002597000 	/System/Library/Frameworks/OpenGL.framework/Versions/A/Libraries/libGLImage.dylib
0x0000000002597000 	/System/Library/Frameworks/OpenGL.framework/Versions/A/Libraries/libCVMSPluginSupport.dylib
0x0000000002597000 	/System/Library/Frameworks/OpenGL.framework/Versions/A/Libraries/libCoreVMClient.dylib
0x0000000002597000 	/usr/lib/libcups.2.dylib
0x0000000002597000 	/System/Library/Frameworks/Kerberos.framework/Versions/A/Kerberos
0x0000000002597000 	/System/Library/Frameworks/GSS.framework/Versions/A/GSS
0x0000000002597000 	/usr/lib/libresolv.9.dylib
0x0000000002597000 	/System/Library/PrivateFrameworks/Heimdal.framework/Versions/A/Heimdal
0x0000000002597000 	/usr/lib/libheimdal-asn1.dylib
0x0000000002597000 	/System/Library/Frameworks/OpenDirectory.framework/Versions/A/OpenDirectory
0x0000000002597000 	/System/Library/PrivateFrameworks/CommonAuth.framework/Versions/A/CommonAuth
0x0000000002597000 	/System/Library/Frameworks/SecurityFoundation.framework/Versions/A/SecurityFoundation
0x0000000002597000 	/System/Library/Frameworks/QuartzCore.framework/Versions/A/Frameworks/CoreImage.framework/Versions/A/CoreImage
0x0000000002597000 	/System/Library/PrivateFrameworks/CrashReporterSupport.framework/Versions/A/CrashReporterSupport
0x0000000002597000 	/System/Library/Frameworks/OpenCL.framework/Versions/A/OpenCL
0x0000000002597000 	/System/Library/PrivateFrameworks/FaceCore.framework/Versions/A/FaceCore
0x0000000002597000 	/System/Library/PrivateFrameworks/Ubiquity.framework/Versions/A/Ubiquity
0x0000000002597000 	/System/Library/PrivateFrameworks/IconServices.framework/Versions/A/IconServices
0x0000000002597000 	/System/Library/PrivateFrameworks/ChunkingLibrary.framework/Versions/A/ChunkingLibrary
0x0000000002597000 	/System/Library/PrivateFrameworks/Apple80211.framework/Versions/A/Apple80211
0x0000000002597000 	/System/Library/Frameworks/CoreWLAN.framework/Versions/A/CoreWLAN
0x0000000002597000 	/System/Library/Frameworks/IOBluetooth.framework/Versions/A/IOBluetooth
0x0000000002597000 	/System/Library/PrivateFrameworks/CoreWiFi.framework/Versions/A/CoreWiFi
0x0000000002597000 	/System/Library/Frameworks/CoreBluetooth.framework/Versions/A/CoreBluetooth
0x0000000002597000 	/System/Library/PrivateFrameworks/DebugSymbols.framework/Versions/A/DebugSymbols
0x0000000002597000 	/System/Library/PrivateFrameworks/CoreSymbolication.framework/Versions/A/CoreSymbolication
0x0000000002597000 	/System/Library/PrivateFrameworks/Symbolication.framework/Versions/A/Symbolication
0x0000000002597000 	/System/Library/PrivateFrameworks/SpeechRecognitionCore.framework/Versions/A/SpeechRecognitionCore
0x000000010f9f9000 	/System/Library/CoreServices/Encodings/libSimplifiedChineseConverter.dylib
0x0000000110400000 	/Library/Java/JavaVirtualMachines/jdk1.8.0_31.jdk/Contents/Home/jre/lib/server/libjvm.dylib
0x0000000002597000 	/usr/lib/libstdc++.6.dylib
0x000000010fbd9000 	/Library/Java/JavaVirtualMachines/jdk1.8.0_31.jdk/Contents/Home/jre/lib/libverify.dylib
0x000000011131f000 	/Library/Java/JavaVirtualMachines/jdk1.8.0_31.jdk/Contents/Home/jre/lib/libjava.dylib
0x000000010fbf1000 	/Library/Java/JavaVirtualMachines/jdk1.8.0_31.jdk/Contents/Home/jre/lib/libzip.dylib
0x0000000124e5f000 	/System/Library/Frameworks/JavaVM.framework/Frameworks/JavaRuntimeSupport.framework/JavaRuntimeSupport
0x0000000124e77000 	/System/Library/Frameworks/JavaVM.framework/Versions/A/Frameworks/JavaNativeFoundation.framework/Versions/A/JavaNativeFoundation
0x0000000124e8c000 	/System/Library/Frameworks/JavaVM.framework/Versions/A/JavaVM
0x0000000002597000 	/System/Library/Frameworks/Carbon.framework/Versions/A/Carbon
0x0000000124e99000 	/System/Library/PrivateFrameworks/JavaLaunching.framework/Versions/A/JavaLaunching
0x0000000002597000 	/System/Library/Frameworks/Carbon.framework/Versions/A/Frameworks/CommonPanels.framework/Versions/A/CommonPanels
0x0000000002597000 	/System/Library/Frameworks/Carbon.framework/Versions/A/Frameworks/Help.framework/Versions/A/Help
0x0000000002597000 	/System/Library/Frameworks/Carbon.framework/Versions/A/Frameworks/ImageCapture.framework/Versions/A/ImageCapture
0x0000000002597000 	/System/Library/Frameworks/Carbon.framework/Versions/A/Frameworks/OpenScripting.framework/Versions/A/OpenScripting
0x0000000002597000 	/System/Library/Frameworks/Carbon.framework/Versions/A/Frameworks/Print.framework/Versions/A/Print
0x0000000002597000 	/System/Library/Frameworks/Carbon.framework/Versions/A/Frameworks/SecurityHI.framework/Versions/A/SecurityHI
0x0000000126e7e000 	/Library/Java/JavaVirtualMachines/jdk1.8.0_31.jdk/Contents/Home/jre/lib/libprism_es2.dylib
0x0000000002597000 	/System/Library/Frameworks/OpenGL.framework/Versions/A/Resources/GLEngine.bundle/GLEngine
0x0000000002597000 	/System/Library/Frameworks/OpenGL.framework/Versions/A/Libraries/libGLProgrammability.dylib
0x0000000000000000 	/System/Library/Extensions/AppleIntelHD5000GraphicsGLDriver.bundle/Contents/MacOS/AppleIntelHD5000GraphicsGLDriver
0x0000000002597000 	/System/Library/PrivateFrameworks/IOAccelerator.framework/Versions/A/IOAccelerator
0x0000000002597000 	/System/Library/PrivateFrameworks/GPUSupport.framework/Versions/A/Libraries/libGPUSupportMercury.dylib
0x0000000002597000 	/System/Library/Frameworks/OpenGL.framework/Versions/A/Resources/GLRendererFloat.bundle/GLRendererFloat
0x0000000002597000 	/System/Library/Frameworks/OpenCL.framework/Versions/A/Libraries/libcldcpuengine.dylib
0x0000000002597000 	/System/Library/PrivateFrameworks/DiskImages.framework/Versions/A/DiskImages
0x0000000002597000 	/System/Library/Frameworks/DiscRecording.framework/Versions/A/DiscRecording
0x0000000002597000 	/usr/lib/libcsfde.dylib
0x0000000002597000 	/usr/lib/libcurl.4.dylib
0x0000000002597000 	/System/Library/PrivateFrameworks/MediaKit.framework/Versions/A/MediaKit
0x0000000002597000 	/System/Library/PrivateFrameworks/ProtectedCloudStorage.framework/Versions/A/ProtectedCloudStorage
0x0000000002597000 	/usr/lib/libCoreStorage.dylib
0x0000000002597000 	/System/Library/PrivateFrameworks/EFILogin.framework/Versions/A/EFILogin
0x0000000002597000 	/usr/lib/libutil.dylib
0x0000000002597000 	/System/Library/PrivateFrameworks/FindMyDevice.framework/Versions/A/FindMyDevice
0x0000000002597000 	/System/Library/Frameworks/LDAP.framework/Versions/A/LDAP
0x0000000002597000 	/usr/lib/libsasl2.2.dylib
0x0000000002597000 	/System/Library/PrivateFrameworks/CoreDaemon.framework/Versions/B/CoreDaemon
0x0000000002597000 	/usr/lib/libcrypto.0.9.8.dylib
0x0000000002597000 	/System/Library/PrivateFrameworks/AppleSRP.framework/Versions/A/AppleSRP
0x0000000002597000 	/System/Library/PrivateFrameworks/TrustEvaluationAgent.framework/Versions/A/TrustEvaluationAgent
0x000000012732b000 	/Library/Java/JavaVirtualMachines/jdk1.8.0_31.jdk/Contents/Home/jre/lib/libglass.dylib
0x0000000002597000 	/System/Library/PrivateFrameworks/CoreServicesInternal.framework/Versions/A/CoreServicesInternal
0x0000000002597000 	/System/Library/PrivateFrameworks/CloudDocs.framework/Versions/A/CloudDocs
0x0000000002597000 	/System/Library/PrivateFrameworks/CoreDuet.framework/Versions/A/CoreDuet
0x0000000002597000 	/System/Library/Frameworks/CloudKit.framework/Versions/A/CloudKit
0x0000000002597000 	/System/Library/PrivateFrameworks/ProtocolBuffer.framework/Versions/A/ProtocolBuffer
0x0000000002597000 	/System/Library/PrivateFrameworks/CoreDuetDaemonProtocol.framework/Versions/A/CoreDuetDaemonProtocol
0x0000000002597000 	/System/Library/PrivateFrameworks/CoreDuetDebugLogging.framework/Versions/A/CoreDuetDebugLogging
0x0000000002597000 	/System/Library/Frameworks/CoreLocation.framework/Versions/A/CoreLocation
0x0000000002597000 	/System/Library/Frameworks/Accounts.framework/Versions/A/Accounts
0x0000000002597000 	/System/Library/PrivateFrameworks/ApplePushService.framework/Versions/A/ApplePushService
0x0000000002597000 	/System/Library/PrivateFrameworks/GeoServices.framework/Versions/A/GeoServices
0x0000000002597000 	/System/Library/PrivateFrameworks/OAuth.framework/Versions/A/OAuth
0x0000000002597000 	/System/Library/Frameworks/CoreGraphics.framework/Versions/A/Resources/libCGCMS.A.dylib
0x0000000002597000 	/System/Library/CoreServices/RawCamera.bundle/Contents/MacOS/RawCamera
0x0000000002597000 	/System/Library/Frameworks/CoreGraphics.framework/Versions/A/Resources/libRIP.A.dylib
0x0000000002597000 	/System/Library/PrivateFrameworks/FamilyControls.framework/Versions/A/FamilyControls
0x0000000002597000 	/System/Library/PrivateFrameworks/CommerceKit.framework/Versions/A/Frameworks/CommerceCore.framework/Versions/A/CommerceCore
0x0000000002597000 	/System/Library/PrivateFrameworks/SystemAdministration.framework/Versions/A/SystemAdministration
0x0000000002597000 	/System/Library/PrivateFrameworks/AppContainer.framework/Versions/A/AppContainer
0x0000000002597000 	/System/Library/PrivateFrameworks/SecCodeWrapper.framework/Versions/A/SecCodeWrapper
0x0000000002597000 	/System/Library/Frameworks/DirectoryService.framework/Versions/A/DirectoryService
0x0000000002597000 	/System/Library/PrivateFrameworks/LoginUIKit.framework/Versions/A/Frameworks/LoginUICore.framework/Versions/A/LoginUICore
0x0000000002597000 	/usr/lib/libodfde.dylib
0x0000000002597000 	/System/Library/Frameworks/CoreGraphics.framework/Versions/A/Resources/libCGXType.A.dylib
0x000000012ba7a000 	cl_kernels
0x000000012ba7c000 	/System/Library/Frameworks/OpenCL.framework/Versions/A/Libraries/ImageFormats/unorm8_bgra.dylib
0x000000012ba6b000 	cl_kernels
0x000000012bfd3000 	/Library/Java/JavaVirtualMachines/jdk1.8.0_31.jdk/Contents/Home/jre/lib/libjavafx_font.dylib

VM Arguments:
jvm_args: -Dfile.encoding=UTF-8 
java_command: System.MainEngine
java_class_path (initial): /Users/haozaijie/Documents/hang/workspace/BomberMan/TheBomberMan/bin
Launcher Type: SUN_STANDARD

Environment Variables:
PATH=/usr/bin:/bin:/usr/sbin:/sbin
SHELL=/bin/bash

Signal Handlers:
SIGSEGV: [libjvm.dylib+0x57a0e7], sa_mask[0]=11111111011111110111111111111111, sa_flags=SA_ONSTACK|SA_RESTART|SA_SIGINFO
SIGBUS: [libjvm.dylib+0x57a0e7], sa_mask[0]=11111111011111110111111111111111, sa_flags=SA_RESTART|SA_SIGINFO
SIGFPE: [libjvm.dylib+0x45af24], sa_mask[0]=11111111011111110111111111111111, sa_flags=SA_RESTART|SA_SIGINFO
SIGPIPE: [libjvm.dylib+0x45af24], sa_mask[0]=11111111011111110111111111111111, sa_flags=SA_RESTART|SA_SIGINFO
SIGXFSZ: [libjvm.dylib+0x45af24], sa_mask[0]=11111111011111110111111111111111, sa_flags=SA_RESTART|SA_SIGINFO
SIGILL: [libjvm.dylib+0x45af24], sa_mask[0]=11111111011111110111111111111111, sa_flags=SA_RESTART|SA_SIGINFO
SIGUSR1: SIG_DFL, sa_mask[0]=00000000000000000000000000000000, sa_flags=none
SIGUSR2: [libjvm.dylib+0x45aa42], sa_mask[0]=00100000000000000000000000000000, sa_flags=SA_RESTART|SA_SIGINFO
SIGHUP: [libjvm.dylib+0x459015], sa_mask[0]=11111111011111110111111111111111, sa_flags=SA_RESTART|SA_SIGINFO
SIGINT: [libjvm.dylib+0x459015], sa_mask[0]=11111111011111110111111111111111, sa_flags=SA_RESTART|SA_SIGINFO
SIGTERM: [libjvm.dylib+0x459015], sa_mask[0]=11111111011111110111111111111111, sa_flags=SA_RESTART|SA_SIGINFO
SIGQUIT: [libjvm.dylib+0x459015], sa_mask[0]=11111111011111110111111111111111, sa_flags=SA_RESTART|SA_SIGINFO


---------------  S Y S T E M  ---------------

OS:Bsduname:Darwin 14.0.0 Darwin Kernel Version 14.0.0: Fri Sep 19 00:26:44 PDT 2014; root:xnu-2782.1.97~2/RELEASE_X86_64 x86_64
rlimit: STACK 8192k, CORE 0k, NPROC 709, NOFILE 10240, AS infinity
load average:2.69 2.52 2.51

CPU:total 4 (2 cores per cpu, 2 threads per core) family 6 model 69 stepping 1, cmov, cx8, fxsr, mmx, sse, sse2, sse3, ssse3, sse4.1, sse4.2, popcnt, avx, avx2, aes, clmul, erms, lzcnt, ht, tsc, tscinvbit, bmi1, bmi2

Memory: 4k page, physical 4194304k(108640k free)

/proc/meminfo:


vm_info: Java HotSpot(TM) 64-Bit Server VM (25.31-b07) for bsd-amd64 JRE (1.8.0_31-b13), built on Dec 17 2014 20:45:36 by "java_re" with gcc 4.2.1 (Based on Apple Inc. build 5658) (LLVM build 2336.11.00)

time: Thu Feb  5 11:35:02 2015
elapsed time: 567 seconds (0d 0h 9m 27s)

