#
# A fatal error has been detected by the Java Runtime Environment:
#
#  SIGSEGV (0xb) at pc=0x000000011e0b2381, pid=3557, tid=1811
#
# JRE version: Java(TM) SE Runtime Environment (8.0_31-b13) (build 1.8.0_31-b13)
# Java VM: Java HotSpot(TM) 64-Bit Server VM (25.31-b07 mixed mode bsd-amd64 compressed oops)
# Problematic frame:
# C  [libglass.dylib+0x16381]  GlassScreenDidChangeScreenParameters+0x21
#
# Failed to write core dump. Core dumps have been disabled. To enable core dumping, try "ulimit -c unlimited" before starting Java again
#
# If you would like to submit a bug report, please visit:
#   http://bugreport.java.com/bugreport/crash.jsp
#

---------------  T H R E A D  ---------------

Current thread is native thread

siginfo: si_signo: 11 (SIGSEGV), si_code: 1 (SEGV_MAPERR), si_addr: 0x0000000000000000

Registers:
RAX=0x000000011e0e4d48, RBX=0x0000000000000000, RCX=0xe2000680fd71d983, RDX=0x00007fff748ec1f8
RSP=0x00007fff594de190, RBP=0x00007fff594de1a0, RSI=0x00007f8828506068, RDI=0x0000000000000000
R8 =0x00007fff594de040, R9 =0x00007fff734c7300, R10=0x0000000000000000, R11=0x0000000000000246
R12=0x00007f8828616160, R13=0x00000000000f4268, R14=0x00007f882847cef0, R15=0x00007fff594de2e0
RIP=0x000000011e0b2381, EFLAGS=0x0000000000010246, ERR=0x0000000000000004
  TRAPNO=0x000000000000000e

Top of Stack: (sp=0x00007fff594de190)
0x00007fff594de190:   00007fff594de370 00007f882847cef0
0x00007fff594de1a0:   00007fff594de1b0 00007fff8d9becbc
0x00007fff594de1b0:   00007fff594de510 00007fff8d8b01b4
0x00007fff594de1c0:   00007f8829989a00 0000000000001400
0x00007fff594de1d0:   0000000106739000 00007f882acfc080
0x00007fff594de1e0:   0000000000001002 0000000000000918
0x00007fff594de1f0:   0000000000000004 00007f882847cef0
0x00007fff594de200:   0000000000000000 00007fff594de2e0
0x00007fff594de210:   0000000000000000 00007f882847ceb0
0x00007fff594de220:   00007fff594de360 0000000000000061
0x00007fff594de230:   00000000000f4357 00007f882ad0f900
0x00007fff594de240:   00007f88284581c0 00007f8828616160
0x00007fff594de250:   0000000000000001 00000000000f4268
0x00007fff594de260:   00007f8828616150 00007fff917c0acb
0x00007fff594de270:   0000000000000001 0000000000000001
0x00007fff594de280:   0000000000000030 0000000000000001
0x00007fff594de290:   000000010673ca00 0000000000000002
0x00007fff594de2a0:   0000000106739000 00007f882854ddf2
0x00007fff594de2b0:   0000000000000004 0000000000000006
0x00007fff594de2c0:   00052e0300000000 00007f8828616184
0x00007fff594de2d0:   0000000000000000 00007fff8d8a5c8f
0x00007fff594de2e0:   00007f882847cef0 00007fff73c99dd0
0x00007fff594de2f0:   000000010673ca00 00007fff8d8ae7bf
0x00007fff594de300:   00007fff594de374 000000000052fc01
0x00007fff594de310:   000000010673ca00 0000000000000002
0x00007fff594de320:   0000000106739000 00007f882854ddf2
0x00007fff594de330:   0000000000000003 000000010673de00
0x00007fff594de340:   00007fff594de430 00007fff917bf2a2
0x00007fff594de350:   000000002853f1a0 0000000106739000
0x00007fff594de360:   0000000000000017 0000000000000000
0x00007fff594de370:   00000000000f4268 00007fff8d8affff
0x00007fff594de380:   00007fff00000000 0000000000000000 

Instructions: (pc=0x000000011e0b2381)
0x000000011e0b2361:   48 89 e5 41 56 53 48 8d 05 d2 2a 03 00 48 83 38
0x000000011e0b2371:   00 48 89 fb 75 72 48 8d 05 ca 29 03 00 48 8b 30
0x000000011e0b2381:   48 8b 03 48 8d 15 7c 99 01 00 48 8d 0d 5e 6f 01
0x000000011e0b2391:   00 48 89 df ff 90 88 03 00 00 48 8d 0d 9e 2a 03 

Register to memory mapping:

RAX=0x000000011e0e4d48: jScreenClass+0 in /Library/Java/JavaVirtualMachines/jdk1.8.0_31.jdk/Contents/Home/jre/lib/libglass.dylib at 0x000000011e09c000
RBX=0x0000000000000000 is an unknown value
RCX=0xe2000680fd71d983 is an unknown value
RDX=0x00007fff748ec1f8: __sFX+0x1c8 in /usr/lib/system/libsystem_c.dylib at 0x00007fff90b22000
RSP=0x00007fff594de190 is an unknown value
RBP=0x00007fff594de1a0 is an unknown value
RSI=0x00007f8828506068 is a global jni handle
RDI=0x0000000000000000 is an unknown value
R8 =0x00007fff594de040 is an unknown value
R9 =0x00007fff734c7300: _thread+0 in /usr/lib/system/libsystem_pthread.dylib at 0x00007fff89c7b000
R10=0x0000000000000000 is an unknown value
R11=0x0000000000000246 is an unknown value
R12=0x00007f8828616160 is an unknown value
R13=0x00000000000f4268 is an unknown value
R14=0x00007f882847cef0 is an unknown value
R15=0x00007fff594de2e0 is an unknown value


Stack: [0x00007fff58ce1000,0x00007fff594e1000],  sp=0x00007fff594de190,  free space=8180k
Native frames: (J=compiled Java code, j=interpreted, Vv=VM code, C=native code)
C  [libglass.dylib+0x16381]  GlassScreenDidChangeScreenParameters+0x21
C  [CoreFoundation+0x11ecbc]  __CFNOTIFICATIONCENTER_IS_CALLING_OUT_TO_AN_OBSERVER__+0xc
C  [CoreFoundation+0x101b4]  _CFXNotificationPost+0xc44
C  [Foundation+0x2ea1]  -[NSNotificationCenter postNotificationName:object:userInfo:]+0x42
C  [AppKit+0x362dee]  -[NSApplication _reactToScreenInvalidationImmediately:]+0x17b
C  [AppKit+0x362c2d]  __44-[NSApplication _reactToScreenInvalidation:]_block_invoke+0x4b
C  [CoreFoundation+0x8054c]  __CFRUNLOOP_IS_CALLING_OUT_TO_A_BLOCK__+0xc
C  [CoreFoundation+0x72655]  __CFRunLoopDoBlocks+0x155
C  [CoreFoundation+0x72196]  __CFRunLoopRun+0x716
C  [CoreFoundation+0x71838]  CFRunLoopRunSpecific+0x128
C  [java+0x56cc]  CreateExecutionEnvironment+0x367
C  [java+0x165c]  JLI_Launch+0x7a0
C  [java+0x768a]  main+0x65
C  [java+0xeb4]  start+0x34


---------------  P R O C E S S  ---------------

VM state:not at safepoint (normal execution)

VM Mutex/Monitor currently owned by a thread: None

Heap:
 PSYoungGen      total 19968K, used 17504K [0x00000007aab00000, 0x00000007acd00000, 0x00000007c0000000)
  eden space 16384K, 98% used [0x00000007aab00000,0x00000007abac0240,0x00000007abb00000)
  from space 3584K, 38% used [0x00000007abb00000,0x00000007abc58000,0x00000007abe80000)
  to   space 4096K, 0% used [0x00000007ac900000,0x00000007ac900000,0x00000007acd00000)
 ParOldGen       total 44032K, used 3455K [0x0000000780000000, 0x0000000782b00000, 0x00000007aab00000)
  object space 44032K, 7% used [0x0000000780000000,0x000000078035fd80,0x0000000782b00000)
 Metaspace       used 11432K, capacity 11814K, committed 12160K, reserved 1060864K
  class space    used 1428K, capacity 1541K, committed 1664K, reserved 1048576K

Card table byte_map: [0x00000001174c3000,0x00000001176c4000] byte_map_base: 0x00000001138c3000

Marking Bits: (ParMarkBitMap*) 0x00000001070ce410
 Begin Bits: [0x0000000117c26000, 0x0000000118c26000)
 End Bits:   [0x0000000118c26000, 0x0000000119c26000)

Polling page: 0x00000001077a8000

CodeCache: size=245760Kb used=6759Kb max_used=6938Kb free=239000Kb
 bounds [0x0000000108103000, 0x00000001087d3000, 0x0000000117103000]
 total_blobs=2612 nmethods=2053 adapters=473
 compilation: enabled

Compilation events (10 events):
Event: 92.606 Thread 0x00007f8829022800 2147       3       javafx.scene.Scene$TargetWrapper::set (11 bytes)
Event: 92.606 Thread 0x00007f8829022800 nmethod 2147 0x00000001087bb9d0 code [0x00000001087bbb20, 0x00000001087bbcb0]
Event: 92.688 Thread 0x00007f8829022000 2148       4       javafx.scene.Node::getLocalBounds (162 bytes)
Event: 92.695 Thread 0x00007f8829022000 nmethod 2148 0x000000010820de50 code [0x000000010820dfc0, 0x000000010820e1e8]
Event: 94.517 Thread 0x00007f8829022800 2149       3       java.lang.invoke.LambdaForm$BMH/1747585824::reinvoke (26 bytes)
Event: 94.517 Thread 0x00007f8829022800 nmethod 2149 0x0000000108226790 code [0x0000000108226940, 0x0000000108227068]
Event: 94.530 Thread 0x00007f8829022800 2150       3       jdk.internal.org.objectweb.asm.MethodWriter::visitMethodInsn (220 bytes)
Event: 94.531 Thread 0x00007f8829022800 nmethod 2150 0x0000000108222310 code [0x0000000108222500, 0x0000000108222ba8]
Event: 94.532 Thread 0x00007f8829022800 2151       3       jdk.internal.org.objectweb.asm.ClassWriter::newMethodItem (91 bytes)
Event: 94.532 Thread 0x00007f8829022800 nmethod 2151 0x00000001082d4150 code [0x00000001082d4340, 0x00000001082d49b8]

GC Heap History (10 events):
Event: 2.296 GC heap before
{Heap before GC invocations=5 (full 0):
 PSYoungGen      total 18944K, used 18912K [0x00000007aab00000, 0x00000007ad000000, 0x00000007c0000000)
  eden space 16384K, 100% used [0x00000007aab00000,0x00000007abb00000,0x00000007abb00000)
  from space 2560K, 98% used [0x00000007abd80000,0x00000007abff8040,0x00000007ac000000)
  to   space 2560K, 0% used [0x00000007abb00000,0x00000007abb00000,0x00000007abd80000)
 ParOldGen       total 44032K, used 264K [0x0000000780000000, 0x0000000782b00000, 0x00000007aab00000)
  object space 44032K, 0% used [0x0000000780000000,0x0000000780042000,0x0000000782b00000)
 Metaspace       used 7185K, capacity 7590K, committed 7680K, reserved 1056768K
  class space    used 892K, capacity 967K, committed 1024K, reserved 1048576K
Event: 2.298 GC heap after
Heap after GC invocations=5 (full 0):
 PSYoungGen      total 18944K, used 2544K [0x00000007aab00000, 0x00000007ac200000, 0x00000007c0000000)
  eden space 16384K, 0% used [0x00000007aab00000,0x00000007aab00000,0x00000007abb00000)
  from space 2560K, 99% used [0x00000007abb00000,0x00000007abd7c030,0x00000007abd80000)
  to   space 3584K, 0% used [0x00000007abe80000,0x00000007abe80000,0x00000007ac200000)
 ParOldGen       total 44032K, used 676K [0x0000000780000000, 0x0000000782b00000, 0x00000007aab00000)
  object space 44032K, 1% used [0x0000000780000000,0x00000007800a9170,0x0000000782b00000)
 Metaspace       used 7185K, capacity 7590K, committed 7680K, reserved 1056768K
  class space    used 892K, capacity 967K, committed 1024K, reserved 1048576K
}
Event: 2.494 GC heap before
{Heap before GC invocations=6 (full 0):
 PSYoungGen      total 18944K, used 18927K [0x00000007aab00000, 0x00000007ac200000, 0x00000007c0000000)
  eden space 16384K, 99% used [0x00000007aab00000,0x00000007abaffc18,0x00000007abb00000)
  from space 2560K, 99% used [0x00000007abb00000,0x00000007abd7c030,0x00000007abd80000)
  to   space 3584K, 0% used [0x00000007abe80000,0x00000007abe80000,0x00000007ac200000)
 ParOldGen       total 44032K, used 676K [0x0000000780000000, 0x0000000782b00000, 0x00000007aab00000)
  object space 44032K, 1% used [0x0000000780000000,0x00000007800a9170,0x0000000782b00000)
 Metaspace       used 7213K, capacity 7590K, committed 7680K, reserved 1056768K
  class space    used 892K, capacity 967K, committed 1024K, reserved 1048576K
Event: 2.496 GC heap after
Heap after GC invocations=6 (full 0):
 PSYoungGen      total 19968K, used 3136K [0x00000007aab00000, 0x00000007ac200000, 0x00000007c0000000)
  eden space 16384K, 0% used [0x00000007aab00000,0x00000007aab00000,0x00000007abb00000)
  from space 3584K, 87% used [0x00000007abe80000,0x00000007ac190028,0x00000007ac200000)
  to   space 3584K, 0% used [0x00000007abb00000,0x00000007abb00000,0x00000007abe80000)
 ParOldGen       total 44032K, used 684K [0x0000000780000000, 0x0000000782b00000, 0x00000007aab00000)
  object space 44032K, 1% used [0x0000000780000000,0x00000007800ab170,0x0000000782b00000)
 Metaspace       used 7213K, capacity 7590K, committed 7680K, reserved 1056768K
  class space    used 892K, capacity 967K, committed 1024K, reserved 1048576K
}
Event: 2.793 GC heap before
{Heap before GC invocations=7 (full 0):
 PSYoungGen      total 19968K, used 19230K [0x00000007aab00000, 0x00000007ac200000, 0x00000007c0000000)
  eden space 16384K, 98% used [0x00000007aab00000,0x00000007abab7910,0x00000007abb00000)
  from space 3584K, 87% used [0x00000007abe80000,0x00000007ac190028,0x00000007ac200000)
  to   space 3584K, 0% used [0x00000007abb00000,0x00000007abb00000,0x00000007abe80000)
 ParOldGen       total 44032K, used 684K [0x0000000780000000, 0x0000000782b00000, 0x00000007aab00000)
  object space 44032K, 1% used [0x0000000780000000,0x00000007800ab170,0x0000000782b00000)
 Metaspace       used 9140K, capacity 9458K, committed 9600K, reserved 1056768K
  class space    used 1218K, capacity 1331K, committed 1408K, reserved 1048576K
Event: 2.796 GC heap after
Heap after GC invocations=7 (full 0):
 PSYoungGen      total 19968K, used 2048K [0x00000007aab00000, 0x00000007ac200000, 0x00000007c0000000)
  eden space 16384K, 0% used [0x00000007aab00000,0x00000007aab00000,0x00000007abb00000)
  from space 3584K, 57% used [0x00000007abb00000,0x00000007abd00000,0x00000007abe80000)
  to   space 3584K, 0% used [0x00000007abe80000,0x00000007abe80000,0x00000007ac200000)
 ParOldGen       total 44032K, used 2104K [0x0000000780000000, 0x0000000782b00000, 0x00000007aab00000)
  object space 44032K, 4% used [0x0000000780000000,0x000000078020e3d0,0x0000000782b00000)
 Metaspace       used 9140K, capacity 9458K, committed 9600K, reserved 1056768K
  class space    used 1218K, capacity 1331K, committed 1408K, reserved 1048576K
}
Event: 3.015 GC heap before
{Heap before GC invocations=8 (full 0):
 PSYoungGen      total 19968K, used 18432K [0x00000007aab00000, 0x00000007ac200000, 0x00000007c0000000)
  eden space 16384K, 100% used [0x00000007aab00000,0x00000007abb00000,0x00000007abb00000)
  from space 3584K, 57% used [0x00000007abb00000,0x00000007abd00000,0x00000007abe80000)
  to   space 3584K, 0% used [0x00000007abe80000,0x00000007abe80000,0x00000007ac200000)
 ParOldGen       total 44032K, used 2104K [0x0000000780000000, 0x0000000782b00000, 0x00000007aab00000)
  object space 44032K, 4% used [0x0000000780000000,0x000000078020e3d0,0x0000000782b00000)
 Metaspace       used 9187K, capacity 9530K, committed 9856K, reserved 1058816K
  class space    used 1218K, capacity 1331K, committed 1408K, reserved 1048576K
Event: 3.017 GC heap after
Heap after GC invocations=8 (full 0):
 PSYoungGen      total 19968K, used 1600K [0x00000007aab00000, 0x00000007ac200000, 0x00000007c0000000)
  eden space 16384K, 0% used [0x00000007aab00000,0x00000007aab00000,0x00000007abb00000)
  from space 3584K, 44% used [0x00000007abe80000,0x00000007ac010000,0x00000007ac200000)
  to   space 3584K, 0% used [0x00000007abb00000,0x00000007abb00000,0x00000007abe80000)
 ParOldGen       total 44032K, used 2778K [0x0000000780000000, 0x0000000782b00000, 0x00000007aab00000)
  object space 44032K, 6% used [0x0000000780000000,0x00000007802b6890,0x0000000782b00000)
 Metaspace       used 9187K, capacity 9530K, committed 9856K, reserved 1058816K
  class space    used 1218K, capacity 1331K, committed 1408K, reserved 1048576K
}
Event: 3.277 GC heap before
{Heap before GC invocations=9 (full 0):
 PSYoungGen      total 19968K, used 17984K [0x00000007aab00000, 0x00000007ac200000, 0x00000007c0000000)
  eden space 16384K, 100% used [0x00000007aab00000,0x00000007abb00000,0x00000007abb00000)
  from space 3584K, 44% used [0x00000007abe80000,0x00000007ac010000,0x00000007ac200000)
  to   space 3584K, 0% used [0x00000007abb00000,0x00000007abb00000,0x00000007abe80000)
 ParOldGen       total 44032K, used 2778K [0x0000000780000000, 0x0000000782b00000, 0x00000007aab00000)
  object space 44032K, 6% used [0x0000000780000000,0x00000007802b6890,0x0000000782b00000)
 Metaspace       used 9793K, capacity 10194K, committed 10368K, reserved 1058816K
  class space    used 1291K, capacity 1401K, committed 1408K, reserved 1048576K
Event: 3.280 GC heap after
Heap after GC invocations=9 (full 0):
 PSYoungGen      total 19968K, used 1376K [0x00000007aab00000, 0x00000007acd00000, 0x00000007c0000000)
  eden space 16384K, 0% used [0x00000007aab00000,0x00000007aab00000,0x00000007abb00000)
  from space 3584K, 38% used [0x00000007abb00000,0x00000007abc58000,0x00000007abe80000)
  to   space 4096K, 0% used [0x00000007ac900000,0x00000007ac900000,0x00000007acd00000)
 ParOldGen       total 44032K, used 3455K [0x0000000780000000, 0x0000000782b00000, 0x00000007aab00000)
  object space 44032K, 7% used [0x0000000780000000,0x000000078035fd80,0x0000000782b00000)
 Metaspace       used 9793K, capacity 10194K, committed 10368K, reserved 1058816K
  class space    used 1291K, capacity 1401K, committed 1408K, reserved 1048576K
}

Deoptimization events (10 events):
Event: 3.217 Thread 0x00007f882a0bc800 Uncommon trap: reason=class_check action=maybe_recompile pc=0x0000000108333ed4 method=java.io.FilterInputStream.read([B)I @ 5
Event: 3.217 Thread 0x00007f882a0bc800 Uncommon trap: reason=class_check action=maybe_recompile pc=0x0000000108333ed4 method=java.io.FilterInputStream.read([B)I @ 5
Event: 3.217 Thread 0x00007f882a0bc800 Uncommon trap: reason=class_check action=maybe_recompile pc=0x0000000108333ed4 method=java.io.FilterInputStream.read([B)I @ 5
Event: 3.222 Thread 0x00007f882a0bc800 Uncommon trap: reason=class_check action=maybe_recompile pc=0x0000000108333ed4 method=java.io.FilterInputStream.read([B)I @ 5
Event: 10.446 Thread 0x00007f882887e800 Uncommon trap: reason=unreached action=reinterpret pc=0x000000010854bf18 method=java.util.WeakHashMap.get(Ljava/lang/Object;)Ljava/lang/Object; @ 35
Event: 10.446 Thread 0x00007f882887e800 Uncommon trap: reason=unreached action=reinterpret pc=0x000000010851bb80 method=java.util.WeakHashMap.get(Ljava/lang/Object;)Ljava/lang/Object; @ 35
Event: 94.518 Thread 0x00007f882a0bc800 Uncommon trap: reason=class_check action=maybe_recompile pc=0x0000000108504cc4 method=java.util.AbstractCollection.isEmpty()Z @ 1
Event: 94.533 Thread 0x00007f882a0bc800 Uncommon trap: reason=class_check action=maybe_recompile pc=0x0000000108504cc4 method=java.util.AbstractCollection.isEmpty()Z @ 1
Event: 94.533 Thread 0x00007f882887e800 Uncommon trap: reason=class_check action=maybe_recompile pc=0x0000000108504cc4 method=java.util.AbstractCollection.isEmpty()Z @ 1
Event: 94.533 Thread 0x00007f882887e800 Uncommon trap: reason=class_check action=maybe_recompile pc=0x0000000108504cc4 method=java.util.AbstractCollection.isEmpty()Z @ 1

Internal exceptions (10 events):
Event: 3.182 Thread 0x00007f882a0bc800 Exception <a 'java/security/PrivilegedActionException'> (0x00000007ab92d558) thrown at [/Users/java_re/workspace/8-2-build-macosx-x86_64/jdk8u31/2394/hotspot/src/share/vm/prims/jvm.cpp, line 1312]
Event: 3.215 Thread 0x00007f882a0bc800 Exception <a 'java/security/PrivilegedActionException'> (0x00000007ab9fd5e0) thrown at [/Users/java_re/workspace/8-2-build-macosx-x86_64/jdk8u31/2394/hotspot/src/share/vm/prims/jvm.cpp, line 1312]
Event: 3.219 Thread 0x00007f882a0bc800 Exception <a 'java/security/PrivilegedActionException'> (0x00000007aba14d10) thrown at [/Users/java_re/workspace/8-2-build-macosx-x86_64/jdk8u31/2394/hotspot/src/share/vm/prims/jvm.cpp, line 1312]
Event: 3.222 Thread 0x00007f882a0bc800 Exception <a 'java/security/PrivilegedActionException'> (0x00000007aba37280) thrown at [/Users/java_re/workspace/8-2-build-macosx-x86_64/jdk8u31/2394/hotspot/src/share/vm/prims/jvm.cpp, line 1312]
Event: 3.224 Thread 0x00007f882a0bc800 Exception <a 'java/security/PrivilegedActionException'> (0x00000007aba4dac0) thrown at [/Users/java_re/workspace/8-2-build-macosx-x86_64/jdk8u31/2394/hotspot/src/share/vm/prims/jvm.cpp, line 1312]
Event: 3.226 Thread 0x00007f882a0bc800 Exception <a 'java/security/PrivilegedActionException'> (0x00000007aba6fdd8) thrown at [/Users/java_re/workspace/8-2-build-macosx-x86_64/jdk8u31/2394/hotspot/src/share/vm/prims/jvm.cpp, line 1312]
Event: 4.278 Thread 0x00007f882a0bc800 Exception <a 'java/security/PrivilegedActionException'> (0x00000007aac1fec0) thrown at [/Users/java_re/workspace/8-2-build-macosx-x86_64/jdk8u31/2394/hotspot/src/share/vm/prims/jvm.cpp, line 1312]
Event: 4.280 Thread 0x00007f882a0bc800 Exception <a 'java/security/PrivilegedActionException'> (0x00000007aac22e80) thrown at [/Users/java_re/workspace/8-2-build-macosx-x86_64/jdk8u31/2394/hotspot/src/share/vm/prims/jvm.cpp, line 1312]
Event: 10.430 Thread 0x00007f882a0bc800 Exception <a 'java/security/PrivilegedActionException'> (0x00000007aad95c88) thrown at [/Users/java_re/workspace/8-2-build-macosx-x86_64/jdk8u31/2394/hotspot/src/share/vm/prims/jvm.cpp, line 1312]
Event: 15.465 Thread 0x00007f882a0bc800 Exception <a 'java/security/PrivilegedActionException'> (0x00000007aaf5ef30) thrown at [/Users/java_re/workspace/8-2-build-macosx-x86_64/jdk8u31/2394/hotspot/src/share/vm/prims/jvm.cpp, line 1312]

Events (10 events):
Event: 94.533 Thread 0x00007f8829022800 flushing nmethod 0x000000010835a590
Event: 94.533 Thread 0x00007f882a141800 Thread exited: 0x00007f882a141800
Event: 94.533 Thread 0x00007f882880b000 Thread exited: 0x00007f882880b000
Event: 94.533 Thread 0x00007f882880b000 Thread added: 0x00007f882880b000
Event: 94.533 Thread 0x00007f8829022800 flushing nmethod 0x0000000108370490
Event: 94.533 Thread 0x00007f8829022800 flushing nmethod 0x0000000108373990
Event: 94.533 Thread 0x00007f8829022800 flushing nmethod 0x00000001083742d0
Event: 94.533 Thread 0x00007f8829022800 flushing nmethod 0x0000000108375f90
Event: 94.533 Thread 0x00007f8829022800 flushing nmethod 0x0000000108377d10
Event: 94.534 Thread 0x00007f882a0bc800 Thread exited: 0x00007f882a0bc800


Dynamic libraries:
0x0000000002597000 	/System/Library/Frameworks/Cocoa.framework/Versions/A/Cocoa
0x0000000002597000 	/System/Library/Frameworks/Security.framework/Versions/A/Security
0x0000000002597000 	/System/Library/Frameworks/ApplicationServices.framework/Versions/A/ApplicationServices
0x0000000002597000 	/usr/lib/libz.1.dylib
0x0000000002597000 	/usr/lib/libSystem.B.dylib
0x0000000002597000 	/usr/lib/libobjc.A.dylib
0x0000000002597000 	/System/Library/Frameworks/CoreFoundation.framework/Versions/A/CoreFoundation
0x0000000002597000 	/System/Library/Frameworks/Foundation.framework/Versions/C/Foundation
0x0000000002597000 	/System/Library/Frameworks/AppKit.framework/Versions/C/AppKit
0x0000000002597000 	/System/Library/Frameworks/CoreData.framework/Versions/A/CoreData
0x0000000002597000 	/System/Library/PrivateFrameworks/RemoteViewServices.framework/Versions/A/RemoteViewServices
0x0000000002597000 	/System/Library/PrivateFrameworks/UIFoundation.framework/Versions/A/UIFoundation
0x0000000002597000 	/System/Library/Frameworks/IOSurface.framework/Versions/A/IOSurface
0x0000000002597000 	/System/Library/Frameworks/AudioToolbox.framework/Versions/A/AudioToolbox
0x0000000002597000 	/System/Library/Frameworks/AudioUnit.framework/Versions/A/AudioUnit
0x0000000002597000 	/System/Library/PrivateFrameworks/DataDetectorsCore.framework/Versions/A/DataDetectorsCore
0x0000000002597000 	/System/Library/PrivateFrameworks/DesktopServicesPriv.framework/Versions/A/DesktopServicesPriv
0x0000000002597000 	/System/Library/Frameworks/Carbon.framework/Versions/A/Frameworks/HIToolbox.framework/Versions/A/HIToolbox
0x0000000002597000 	/System/Library/Frameworks/QuartzCore.framework/Versions/A/QuartzCore
0x0000000002597000 	/System/Library/Frameworks/Carbon.framework/Versions/A/Frameworks/SpeechRecognition.framework/Versions/A/SpeechRecognition
0x0000000002597000 	/usr/lib/libauto.dylib
0x0000000002597000 	/usr/lib/libicucore.A.dylib
0x0000000002597000 	/usr/lib/libxml2.2.dylib
0x0000000002597000 	/System/Library/PrivateFrameworks/CoreUI.framework/Versions/A/CoreUI
0x0000000002597000 	/System/Library/Frameworks/CoreAudio.framework/Versions/A/CoreAudio
0x0000000002597000 	/System/Library/Frameworks/DiskArbitration.framework/Versions/A/DiskArbitration
0x0000000002597000 	/usr/lib/liblangid.dylib
0x0000000002597000 	/System/Library/PrivateFrameworks/MultitouchSupport.framework/Versions/A/MultitouchSupport
0x0000000002597000 	/System/Library/Frameworks/IOKit.framework/Versions/A/IOKit
0x0000000002597000 	/usr/lib/libDiagnosticMessagesClient.dylib
0x0000000002597000 	/System/Library/Frameworks/CoreServices.framework/Versions/A/CoreServices
0x0000000002597000 	/System/Library/PrivateFrameworks/PerformanceAnalysis.framework/Versions/A/PerformanceAnalysis
0x0000000002597000 	/System/Library/PrivateFrameworks/GenerationalStorage.framework/Versions/A/GenerationalStorage
0x0000000002597000 	/System/Library/Frameworks/OpenGL.framework/Versions/A/OpenGL
0x0000000002597000 	/System/Library/PrivateFrameworks/Sharing.framework/Versions/A/Sharing
0x0000000002597000 	/System/Library/Frameworks/CoreGraphics.framework/Versions/A/CoreGraphics
0x0000000002597000 	/System/Library/Frameworks/CoreText.framework/Versions/A/CoreText
0x0000000002597000 	/System/Library/Frameworks/ImageIO.framework/Versions/A/ImageIO
0x0000000002597000 	/usr/lib/libextension.dylib
0x0000000002597000 	/System/Library/PrivateFrameworks/Backup.framework/Versions/A/Backup
0x0000000002597000 	/usr/lib/libarchive.2.dylib
0x0000000002597000 	/System/Library/Frameworks/CFNetwork.framework/Versions/A/CFNetwork
0x0000000002597000 	/System/Library/Frameworks/SystemConfiguration.framework/Versions/A/SystemConfiguration
0x0000000002597000 	/usr/lib/libCRFSuite.dylib
0x0000000002597000 	/usr/lib/libc++.1.dylib
0x0000000002597000 	/usr/lib/libc++abi.dylib
0x0000000002597000 	/usr/lib/system/libcache.dylib
0x0000000002597000 	/usr/lib/system/libcommonCrypto.dylib
0x0000000002597000 	/usr/lib/system/libcompiler_rt.dylib
0x0000000002597000 	/usr/lib/system/libcopyfile.dylib
0x0000000002597000 	/usr/lib/system/libcorecrypto.dylib
0x0000000002597000 	/usr/lib/system/libdispatch.dylib
0x0000000002597000 	/usr/lib/system/libdyld.dylib
0x0000000002597000 	/usr/lib/system/libkeymgr.dylib
0x0000000002597000 	/usr/lib/system/liblaunch.dylib
0x0000000002597000 	/usr/lib/system/libmacho.dylib
0x0000000002597000 	/usr/lib/system/libquarantine.dylib
0x0000000002597000 	/usr/lib/system/libremovefile.dylib
0x0000000002597000 	/usr/lib/system/libsystem_asl.dylib
0x0000000002597000 	/usr/lib/system/libsystem_blocks.dylib
0x0000000002597000 	/usr/lib/system/libsystem_c.dylib
0x0000000002597000 	/usr/lib/system/libsystem_configuration.dylib
0x0000000002597000 	/usr/lib/system/libsystem_coreservices.dylib
0x0000000002597000 	/usr/lib/system/libsystem_coretls.dylib
0x0000000002597000 	/usr/lib/system/libsystem_dnssd.dylib
0x0000000002597000 	/usr/lib/system/libsystem_info.dylib
0x0000000002597000 	/usr/lib/system/libsystem_kernel.dylib
0x0000000002597000 	/usr/lib/system/libsystem_m.dylib
0x0000000002597000 	/usr/lib/system/libsystem_malloc.dylib
0x0000000002597000 	/usr/lib/system/libsystem_network.dylib
0x0000000002597000 	/usr/lib/system/libsystem_networkextension.dylib
0x0000000002597000 	/usr/lib/system/libsystem_notify.dylib
0x0000000002597000 	/usr/lib/system/libsystem_platform.dylib
0x0000000002597000 	/usr/lib/system/libsystem_pthread.dylib
0x0000000002597000 	/usr/lib/system/libsystem_sandbox.dylib
0x0000000002597000 	/usr/lib/system/libsystem_secinit.dylib
0x0000000002597000 	/usr/lib/system/libsystem_stats.dylib
0x0000000002597000 	/usr/lib/system/libsystem_trace.dylib
0x0000000002597000 	/usr/lib/system/libunc.dylib
0x0000000002597000 	/usr/lib/system/libunwind.dylib
0x0000000002597000 	/usr/lib/system/libxpc.dylib
0x0000000002597000 	/usr/lib/libbz2.1.0.dylib
0x0000000002597000 	/usr/lib/liblzma.5.dylib
0x0000000002597000 	/usr/lib/libbsm.0.dylib
0x0000000002597000 	/usr/lib/libsqlite3.dylib
0x0000000002597000 	/usr/lib/system/libkxld.dylib
0x0000000002597000 	/usr/lib/libxar.1.dylib
0x0000000002597000 	/usr/lib/libpam.2.dylib
0x0000000002597000 	/usr/lib/libOpenScriptingUtil.dylib
0x0000000002597000 	/System/Library/Frameworks/CoreServices.framework/Versions/A/Frameworks/FSEvents.framework/Versions/A/FSEvents
0x0000000002597000 	/System/Library/Frameworks/CoreServices.framework/Versions/A/Frameworks/CarbonCore.framework/Versions/A/CarbonCore
0x0000000002597000 	/System/Library/Frameworks/CoreServices.framework/Versions/A/Frameworks/Metadata.framework/Versions/A/Metadata
0x0000000002597000 	/System/Library/Frameworks/CoreServices.framework/Versions/A/Frameworks/OSServices.framework/Versions/A/OSServices
0x0000000002597000 	/System/Library/Frameworks/CoreServices.framework/Versions/A/Frameworks/SearchKit.framework/Versions/A/SearchKit
0x0000000002597000 	/System/Library/Frameworks/CoreServices.framework/Versions/A/Frameworks/AE.framework/Versions/A/AE
0x0000000002597000 	/System/Library/Frameworks/CoreServices.framework/Versions/A/Frameworks/LaunchServices.framework/Versions/A/LaunchServices
0x0000000002597000 	/System/Library/Frameworks/CoreServices.framework/Versions/A/Frameworks/DictionaryServices.framework/Versions/A/DictionaryServices
0x0000000002597000 	/System/Library/Frameworks/NetFS.framework/Versions/A/NetFS
0x0000000002597000 	/System/Library/PrivateFrameworks/NetAuth.framework/Versions/A/NetAuth
0x0000000002597000 	/System/Library/PrivateFrameworks/login.framework/Versions/A/Frameworks/loginsupport.framework/Versions/A/loginsupport
0x0000000002597000 	/System/Library/PrivateFrameworks/TCC.framework/Versions/A/TCC
0x0000000002597000 	/usr/lib/libmecabra.dylib
0x0000000002597000 	/System/Library/PrivateFrameworks/LanguageModeling.framework/Versions/A/LanguageModeling
0x0000000002597000 	/usr/lib/libcmph.dylib
0x0000000002597000 	/usr/lib/libiconv.2.dylib
0x0000000002597000 	/System/Library/Frameworks/OpenDirectory.framework/Versions/A/Frameworks/CFOpenDirectory.framework/Versions/A/CFOpenDirectory
0x0000000002597000 	/System/Library/Frameworks/ServiceManagement.framework/Versions/A/ServiceManagement
0x0000000002597000 	/usr/lib/libxslt.1.dylib
0x0000000002597000 	/System/Library/Frameworks/Carbon.framework/Versions/A/Frameworks/Ink.framework/Versions/A/Ink
0x0000000002597000 	/System/Library/Frameworks/ApplicationServices.framework/Versions/A/Frameworks/ATS.framework/Versions/A/ATS
0x0000000002597000 	/System/Library/Frameworks/ApplicationServices.framework/Versions/A/Frameworks/ColorSync.framework/Versions/A/ColorSync
0x0000000002597000 	/System/Library/Frameworks/ApplicationServices.framework/Versions/A/Frameworks/HIServices.framework/Versions/A/HIServices
0x0000000002597000 	/System/Library/Frameworks/ApplicationServices.framework/Versions/A/Frameworks/LangAnalysis.framework/Versions/A/LangAnalysis
0x0000000002597000 	/System/Library/Frameworks/ApplicationServices.framework/Versions/A/Frameworks/PrintCore.framework/Versions/A/PrintCore
0x0000000002597000 	/System/Library/Frameworks/ApplicationServices.framework/Versions/A/Frameworks/QD.framework/Versions/A/QD
0x0000000002597000 	/System/Library/Frameworks/ApplicationServices.framework/Versions/A/Frameworks/SpeechSynthesis.framework/Versions/A/SpeechSynthesis
0x0000000002597000 	/System/Library/Frameworks/Accelerate.framework/Versions/A/Accelerate
0x0000000002597000 	/System/Library/Frameworks/Accelerate.framework/Versions/A/Frameworks/vImage.framework/Versions/A/vImage
0x0000000002597000 	/System/Library/Frameworks/Accelerate.framework/Versions/A/Frameworks/vecLib.framework/Versions/A/vecLib
0x0000000002597000 	/System/Library/Frameworks/Accelerate.framework/Versions/A/Frameworks/vecLib.framework/Versions/A/libvDSP.dylib
0x0000000002597000 	/System/Library/Frameworks/Accelerate.framework/Versions/A/Frameworks/vecLib.framework/Versions/A/libvMisc.dylib
0x0000000002597000 	/System/Library/Frameworks/Accelerate.framework/Versions/A/Frameworks/vecLib.framework/Versions/A/libLAPACK.dylib
0x0000000002597000 	/System/Library/Frameworks/Accelerate.framework/Versions/A/Frameworks/vecLib.framework/Versions/A/libBLAS.dylib
0x0000000002597000 	/System/Library/Frameworks/Accelerate.framework/Versions/A/Frameworks/vecLib.framework/Versions/A/libLinearAlgebra.dylib
0x0000000002597000 	/System/Library/Frameworks/ApplicationServices.framework/Versions/A/Frameworks/ATS.framework/Versions/A/Resources/libFontParser.dylib
0x0000000002597000 	/System/Library/Frameworks/ApplicationServices.framework/Versions/A/Frameworks/ATS.framework/Versions/A/Resources/libFontRegistry.dylib
0x0000000002597000 	/System/Library/PrivateFrameworks/AppleVPA.framework/Versions/A/AppleVPA
0x0000000002597000 	/System/Library/PrivateFrameworks/AppleJPEG.framework/Versions/A/AppleJPEG
0x0000000002597000 	/System/Library/Frameworks/ImageIO.framework/Versions/A/Resources/libJPEG.dylib
0x0000000002597000 	/System/Library/Frameworks/ImageIO.framework/Versions/A/Resources/libTIFF.dylib
0x0000000002597000 	/System/Library/Frameworks/ImageIO.framework/Versions/A/Resources/libPng.dylib
0x0000000002597000 	/System/Library/Frameworks/ImageIO.framework/Versions/A/Resources/libGIF.dylib
0x0000000002597000 	/System/Library/Frameworks/ImageIO.framework/Versions/A/Resources/libJP2.dylib
0x0000000002597000 	/System/Library/Frameworks/ImageIO.framework/Versions/A/Resources/libRadiance.dylib
0x0000000002597000 	/System/Library/Frameworks/CoreVideo.framework/Versions/A/CoreVideo
0x0000000002597000 	/System/Library/Frameworks/OpenGL.framework/Versions/A/Libraries/libGLU.dylib
0x0000000002597000 	/System/Library/Frameworks/OpenGL.framework/Versions/A/Libraries/libGFXShared.dylib
0x0000000002597000 	/System/Library/Frameworks/OpenGL.framework/Versions/A/Libraries/libGL.dylib
0x0000000002597000 	/System/Library/Frameworks/OpenGL.framework/Versions/A/Libraries/libGLImage.dylib
0x0000000002597000 	/System/Library/Frameworks/OpenGL.framework/Versions/A/Libraries/libCVMSPluginSupport.dylib
0x0000000002597000 	/System/Library/Frameworks/OpenGL.framework/Versions/A/Libraries/libCoreVMClient.dylib
0x0000000002597000 	/usr/lib/libcups.2.dylib
0x0000000002597000 	/System/Library/Frameworks/Kerberos.framework/Versions/A/Kerberos
0x0000000002597000 	/System/Library/Frameworks/GSS.framework/Versions/A/GSS
0x0000000002597000 	/usr/lib/libresolv.9.dylib
0x0000000002597000 	/System/Library/PrivateFrameworks/Heimdal.framework/Versions/A/Heimdal
0x0000000002597000 	/usr/lib/libheimdal-asn1.dylib
0x0000000002597000 	/System/Library/Frameworks/OpenDirectory.framework/Versions/A/OpenDirectory
0x0000000002597000 	/System/Library/PrivateFrameworks/CommonAuth.framework/Versions/A/CommonAuth
0x0000000002597000 	/System/Library/Frameworks/SecurityFoundation.framework/Versions/A/SecurityFoundation
0x0000000002597000 	/System/Library/Frameworks/QuartzCore.framework/Versions/A/Frameworks/CoreImage.framework/Versions/A/CoreImage
0x0000000002597000 	/System/Library/PrivateFrameworks/CrashReporterSupport.framework/Versions/A/CrashReporterSupport
0x0000000002597000 	/System/Library/Frameworks/OpenCL.framework/Versions/A/OpenCL
0x0000000002597000 	/System/Library/PrivateFrameworks/FaceCore.framework/Versions/A/FaceCore
0x0000000002597000 	/System/Library/PrivateFrameworks/Ubiquity.framework/Versions/A/Ubiquity
0x0000000002597000 	/System/Library/PrivateFrameworks/IconServices.framework/Versions/A/IconServices
0x0000000002597000 	/System/Library/PrivateFrameworks/ChunkingLibrary.framework/Versions/A/ChunkingLibrary
0x0000000002597000 	/System/Library/PrivateFrameworks/Apple80211.framework/Versions/A/Apple80211
0x0000000002597000 	/System/Library/Frameworks/CoreWLAN.framework/Versions/A/CoreWLAN
0x0000000002597000 	/System/Library/Frameworks/IOBluetooth.framework/Versions/A/IOBluetooth
0x0000000002597000 	/System/Library/PrivateFrameworks/CoreWiFi.framework/Versions/A/CoreWiFi
0x0000000002597000 	/System/Library/Frameworks/CoreBluetooth.framework/Versions/A/CoreBluetooth
0x0000000002597000 	/System/Library/PrivateFrameworks/DebugSymbols.framework/Versions/A/DebugSymbols
0x0000000002597000 	/System/Library/PrivateFrameworks/CoreSymbolication.framework/Versions/A/CoreSymbolication
0x0000000002597000 	/System/Library/PrivateFrameworks/Symbolication.framework/Versions/A/Symbolication
0x0000000002597000 	/System/Library/PrivateFrameworks/SpeechRecognitionCore.framework/Versions/A/SpeechRecognitionCore
0x000000010676a000 	/System/Library/CoreServices/Encodings/libSimplifiedChineseConverter.dylib
0x0000000106830000 	/Library/Java/JavaVirtualMachines/jdk1.8.0_31.jdk/Contents/Home/jre/lib/server/libjvm.dylib
0x0000000002597000 	/usr/lib/libstdc++.6.dylib
0x0000000107766000 	/Library/Java/JavaVirtualMachines/jdk1.8.0_31.jdk/Contents/Home/jre/lib/libverify.dylib
0x0000000107774000 	/Library/Java/JavaVirtualMachines/jdk1.8.0_31.jdk/Contents/Home/jre/lib/libjava.dylib
0x00000001077b2000 	/Library/Java/JavaVirtualMachines/jdk1.8.0_31.jdk/Contents/Home/jre/lib/libzip.dylib
0x000000011bbd3000 	/System/Library/Frameworks/JavaVM.framework/Frameworks/JavaRuntimeSupport.framework/JavaRuntimeSupport
0x000000011bbeb000 	/System/Library/Frameworks/JavaVM.framework/Versions/A/Frameworks/JavaNativeFoundation.framework/Versions/A/JavaNativeFoundation
0x000000011bc00000 	/System/Library/Frameworks/JavaVM.framework/Versions/A/JavaVM
0x0000000002597000 	/System/Library/Frameworks/Carbon.framework/Versions/A/Carbon
0x000000011bc0d000 	/System/Library/PrivateFrameworks/JavaLaunching.framework/Versions/A/JavaLaunching
0x0000000002597000 	/System/Library/Frameworks/Carbon.framework/Versions/A/Frameworks/CommonPanels.framework/Versions/A/CommonPanels
0x0000000002597000 	/System/Library/Frameworks/Carbon.framework/Versions/A/Frameworks/Help.framework/Versions/A/Help
0x0000000002597000 	/System/Library/Frameworks/Carbon.framework/Versions/A/Frameworks/ImageCapture.framework/Versions/A/ImageCapture
0x0000000002597000 	/System/Library/Frameworks/Carbon.framework/Versions/A/Frameworks/OpenScripting.framework/Versions/A/OpenScripting
0x0000000002597000 	/System/Library/Frameworks/Carbon.framework/Versions/A/Frameworks/Print.framework/Versions/A/Print
0x0000000002597000 	/System/Library/Frameworks/Carbon.framework/Versions/A/Frameworks/SecurityHI.framework/Versions/A/SecurityHI
0x000000011dbf0000 	/Library/Java/JavaVirtualMachines/jdk1.8.0_31.jdk/Contents/Home/jre/lib/libprism_es2.dylib
0x0000000002597000 	/System/Library/Frameworks/OpenGL.framework/Versions/A/Resources/GLEngine.bundle/GLEngine
0x0000000002597000 	/System/Library/Frameworks/OpenGL.framework/Versions/A/Libraries/libGLProgrammability.dylib
0x0000000000000000 	/System/Library/Extensions/AppleIntelHD5000GraphicsGLDriver.bundle/Contents/MacOS/AppleIntelHD5000GraphicsGLDriver
0x0000000002597000 	/System/Library/PrivateFrameworks/IOAccelerator.framework/Versions/A/IOAccelerator
0x0000000002597000 	/System/Library/PrivateFrameworks/GPUSupport.framework/Versions/A/Libraries/libGPUSupportMercury.dylib
0x0000000002597000 	/System/Library/Frameworks/OpenGL.framework/Versions/A/Resources/GLRendererFloat.bundle/GLRendererFloat
0x0000000002597000 	/System/Library/Frameworks/OpenCL.framework/Versions/A/Libraries/libcldcpuengine.dylib
0x0000000002597000 	/System/Library/PrivateFrameworks/DiskImages.framework/Versions/A/DiskImages
0x0000000002597000 	/System/Library/Frameworks/DiscRecording.framework/Versions/A/DiscRecording
0x0000000002597000 	/usr/lib/libcsfde.dylib
0x0000000002597000 	/usr/lib/libcurl.4.dylib
0x0000000002597000 	/System/Library/PrivateFrameworks/MediaKit.framework/Versions/A/MediaKit
0x0000000002597000 	/System/Library/PrivateFrameworks/ProtectedCloudStorage.framework/Versions/A/ProtectedCloudStorage
0x0000000002597000 	/usr/lib/libCoreStorage.dylib
0x0000000002597000 	/System/Library/PrivateFrameworks/EFILogin.framework/Versions/A/EFILogin
0x0000000002597000 	/usr/lib/libutil.dylib
0x0000000002597000 	/System/Library/PrivateFrameworks/FindMyDevice.framework/Versions/A/FindMyDevice
0x0000000002597000 	/System/Library/Frameworks/LDAP.framework/Versions/A/LDAP
0x0000000002597000 	/usr/lib/libsasl2.2.dylib
0x0000000002597000 	/System/Library/PrivateFrameworks/CoreDaemon.framework/Versions/B/CoreDaemon
0x0000000002597000 	/usr/lib/libcrypto.0.9.8.dylib
0x0000000002597000 	/System/Library/PrivateFrameworks/AppleSRP.framework/Versions/A/AppleSRP
0x0000000002597000 	/System/Library/PrivateFrameworks/TrustEvaluationAgent.framework/Versions/A/TrustEvaluationAgent
0x000000011e09c000 	/Library/Java/JavaVirtualMachines/jdk1.8.0_31.jdk/Contents/Home/jre/lib/libglass.dylib
0x0000000002597000 	/System/Library/PrivateFrameworks/CoreServicesInternal.framework/Versions/A/CoreServicesInternal
0x0000000002597000 	/System/Library/PrivateFrameworks/CloudDocs.framework/Versions/A/CloudDocs
0x0000000002597000 	/System/Library/PrivateFrameworks/CoreDuet.framework/Versions/A/CoreDuet
0x0000000002597000 	/System/Library/Frameworks/CloudKit.framework/Versions/A/CloudKit
0x0000000002597000 	/System/Library/PrivateFrameworks/ProtocolBuffer.framework/Versions/A/ProtocolBuffer
0x0000000002597000 	/System/Library/PrivateFrameworks/CoreDuetDaemonProtocol.framework/Versions/A/CoreDuetDaemonProtocol
0x0000000002597000 	/System/Library/PrivateFrameworks/CoreDuetDebugLogging.framework/Versions/A/CoreDuetDebugLogging
0x0000000002597000 	/System/Library/Frameworks/CoreLocation.framework/Versions/A/CoreLocation
0x0000000002597000 	/System/Library/Frameworks/Accounts.framework/Versions/A/Accounts
0x0000000002597000 	/System/Library/PrivateFrameworks/ApplePushService.framework/Versions/A/ApplePushService
0x0000000002597000 	/System/Library/PrivateFrameworks/GeoServices.framework/Versions/A/GeoServices
0x0000000002597000 	/System/Library/PrivateFrameworks/OAuth.framework/Versions/A/OAuth
0x0000000002597000 	/System/Library/Frameworks/CoreGraphics.framework/Versions/A/Resources/libCGCMS.A.dylib
0x0000000002597000 	/System/Library/CoreServices/RawCamera.bundle/Contents/MacOS/RawCamera
0x0000000002597000 	/System/Library/Frameworks/CoreGraphics.framework/Versions/A/Resources/libRIP.A.dylib
0x0000000002597000 	/System/Library/PrivateFrameworks/FamilyControls.framework/Versions/A/FamilyControls
0x0000000002597000 	/System/Library/PrivateFrameworks/CommerceKit.framework/Versions/A/Frameworks/CommerceCore.framework/Versions/A/CommerceCore
0x0000000002597000 	/System/Library/PrivateFrameworks/SystemAdministration.framework/Versions/A/SystemAdministration
0x0000000002597000 	/System/Library/PrivateFrameworks/AppContainer.framework/Versions/A/AppContainer
0x0000000002597000 	/System/Library/PrivateFrameworks/SecCodeWrapper.framework/Versions/A/SecCodeWrapper
0x0000000002597000 	/System/Library/Frameworks/DirectoryService.framework/Versions/A/DirectoryService
0x0000000002597000 	/System/Library/PrivateFrameworks/LoginUIKit.framework/Versions/A/Frameworks/LoginUICore.framework/Versions/A/LoginUICore
0x0000000002597000 	/usr/lib/libodfde.dylib
0x0000000002597000 	/System/Library/Frameworks/CoreGraphics.framework/Versions/A/Resources/libCGXType.A.dylib
0x0000000122959000 	cl_kernels
0x000000012295b000 	/System/Library/Frameworks/OpenCL.framework/Versions/A/Libraries/ImageFormats/unorm8_bgra.dylib
0x000000012294a000 	cl_kernels
0x0000000122cca000 	/Library/Java/JavaVirtualMachines/jdk1.8.0_31.jdk/Contents/Home/jre/lib/libjavafx_font.dylib

VM Arguments:
jvm_args: -Dfile.encoding=UTF-8 
java_command: System.MainEngine
java_class_path (initial): /Users/haozaijie/Documents/hang/workspace/BomberMan/TheBomberMan/bin
Launcher Type: SUN_STANDARD

Environment Variables:
PATH=/usr/bin:/bin:/usr/sbin:/sbin
SHELL=/bin/bash

Signal Handlers:
SIGSEGV: [libjvm.dylib+0x57a0e7], sa_mask[0]=11111111011111110111111111111111, sa_flags=SA_ONSTACK|SA_RESTART|SA_SIGINFO
SIGBUS: [libjvm.dylib+0x57a0e7], sa_mask[0]=11111111011111110111111111111111, sa_flags=SA_RESTART|SA_SIGINFO
SIGFPE: [libjvm.dylib+0x45af24], sa_mask[0]=11111111011111110111111111111111, sa_flags=SA_RESTART|SA_SIGINFO
SIGPIPE: [libjvm.dylib+0x45af24], sa_mask[0]=11111111011111110111111111111111, sa_flags=SA_RESTART|SA_SIGINFO
SIGXFSZ: [libjvm.dylib+0x45af24], sa_mask[0]=11111111011111110111111111111111, sa_flags=SA_RESTART|SA_SIGINFO
SIGILL: [libjvm.dylib+0x45af24], sa_mask[0]=11111111011111110111111111111111, sa_flags=SA_RESTART|SA_SIGINFO
SIGUSR1: SIG_DFL, sa_mask[0]=00000000000000000000000000000000, sa_flags=none
SIGUSR2: [libjvm.dylib+0x45aa42], sa_mask[0]=00100000000000000000000000000000, sa_flags=SA_RESTART|SA_SIGINFO
SIGHUP: [libjvm.dylib+0x459015], sa_mask[0]=11111111011111110111111111111111, sa_flags=SA_RESTART|SA_SIGINFO
SIGINT: [libjvm.dylib+0x459015], sa_mask[0]=11111111011111110111111111111111, sa_flags=SA_RESTART|SA_SIGINFO
SIGTERM: [libjvm.dylib+0x459015], sa_mask[0]=11111111011111110111111111111111, sa_flags=SA_RESTART|SA_SIGINFO
SIGQUIT: [libjvm.dylib+0x459015], sa_mask[0]=11111111011111110111111111111111, sa_flags=SA_RESTART|SA_SIGINFO


---------------  S Y S T E M  ---------------

OS:Bsduname:Darwin 14.0.0 Darwin Kernel Version 14.0.0: Fri Sep 19 00:26:44 PDT 2014; root:xnu-2782.1.97~2/RELEASE_X86_64 x86_64
rlimit: STACK 8192k, CORE 0k, NPROC 709, NOFILE 10240, AS infinity
load average:2.21 2.39 2.31

CPU:total 4 (2 cores per cpu, 2 threads per core) family 6 model 69 stepping 1, cmov, cx8, fxsr, mmx, sse, sse2, sse3, ssse3, sse4.1, sse4.2, popcnt, avx, avx2, aes, clmul, erms, lzcnt, ht, tsc, tscinvbit, bmi1, bmi2

Memory: 4k page, physical 4194304k(61072k free)

/proc/meminfo:


vm_info: Java HotSpot(TM) 64-Bit Server VM (25.31-b07) for bsd-amd64 JRE (1.8.0_31-b13), built on Dec 17 2014 20:45:36 by "java_re" with gcc 4.2.1 (Based on Apple Inc. build 5658) (LLVM build 2336.11.00)

time: Thu Feb  5 01:41:12 2015
elapsed time: 225 seconds (0d 0h 3m 45s)

